<?xml version="1.0" encoding="UTF-8"?>
<testsuite name="tourGuide.TestRewardsService" tests="3" skipped="0" failures="0" errors="0" timestamp="2021-06-29T14:59:02" hostname="Rahuls-MacBook-Pro.local" time="37.639">
  <properties/>
  <testcase name="nearAllAttractions" classname="tourGuide.TestRewardsService" time="37.106"/>
  <testcase name="userGetRewards" classname="tourGuide.TestRewardsService" time="0.508"/>
  <testcase name="isWithinAttractionProximity" classname="tourGuide.TestRewardsService" time="0.024"/>
  <system-out><![CDATA[20:29:02.230 [Test worker] INFO tourGuide.service.TourGuideService - TestMode enabled
20:29:02.230 [Test worker] DEBUG tourGuide.service.TourGuideService - Initializing users
20:29:02.231 [Test worker] DEBUG tourGuide.service.TourGuideService - Created 1 internal test users.
20:29:02.231 [Test worker] DEBUG tourGuide.service.TourGuideService - Finished initializing users
20:29:02.232 [pool-10-thread-1] DEBUG tourGuide.tracker.Tracker - Begin Tracker. Tracking 1 users.
20:29:02.232 [Test worker] DEBUG org.springframework.web.reactive.function.client.ExchangeFunctions - [26bc60cb] HTTP GET http://localhost:8081/getAttractions
20:29:02.233 [pool-10-thread-1] DEBUG org.springframework.web.reactive.function.client.ExchangeFunctions - [51f58309] HTTP GET http://localhost:8081/getUserLocation?userId=1f958bd7-f7e7-4ce0-8ef3-1faefb01a470
20:29:02.233 [reactor-http-nio-15] DEBUG reactor.netty.resources.PooledConnectionProvider - [id: 0x05482a00, L:/127.0.0.1:49865 - R:localhost/127.0.0.1:8081] Channel acquired, now 1 active connections and 0 inactive connections
20:29:02.233 [reactor-http-nio-15] DEBUG reactor.netty.http.client.HttpClientConnect - [id: 0x05482a00, L:/127.0.0.1:49865 - R:localhost/127.0.0.1:8081] Handler is being applied: {uri=http://localhost:8081/getAttractions, method=GET}
20:29:02.234 [reactor-http-nio-15] DEBUG reactor.netty.resources.PooledConnectionProvider - [id: 0x05482a00, L:/127.0.0.1:49865 - R:localhost/127.0.0.1:8081] onStateChange(GET{uri=/getAttractions, connection=PooledConnection{channel=[id: 0x05482a00, L:/127.0.0.1:49865 - R:localhost/127.0.0.1:8081]}}, [request_sent])
20:29:02.234 [reactor-http-nio-15] DEBUG reactor.netty.resources.PooledConnectionProvider - [id: 0x3b57da73] Created new pooled channel, now 1 active connections and 1 inactive connections
20:29:02.235 [reactor-http-nio-15] DEBUG reactor.netty.channel.BootstrapHandlers - [id: 0x3b57da73] Initialized pipeline DefaultChannelPipeline{(BootstrapHandlers$BootstrapInitializerHandler#0 = reactor.netty.channel.BootstrapHandlers$BootstrapInitializerHandler), (SimpleChannelPool$1#0 = io.netty.channel.pool.SimpleChannelPool$1), (reactor.left.httpCodec = io.netty.handler.codec.http.HttpClientCodec), (reactor.left.decompressor = io.netty.handler.codec.http.HttpContentDecompressor), (reactor.right.reactiveBridge = reactor.netty.channel.ChannelOperationsHandler)}
20:29:02.236 [reactor-http-nio-15] DEBUG reactor.netty.resources.PooledConnectionProvider - [id: 0x3b57da73, L:/127.0.0.1:49868 - R:localhost/127.0.0.1:8081] onStateChange(PooledConnection{channel=[id: 0x3b57da73, L:/127.0.0.1:49868 - R:localhost/127.0.0.1:8081]}, [connected])
20:29:02.236 [reactor-http-nio-15] DEBUG reactor.netty.resources.PooledConnectionProvider - [id: 0x3b57da73, L:/127.0.0.1:49868 - R:localhost/127.0.0.1:8081] onStateChange(GET{uri=/, connection=PooledConnection{channel=[id: 0x3b57da73, L:/127.0.0.1:49868 - R:localhost/127.0.0.1:8081]}}, [configured])
20:29:02.236 [reactor-http-nio-15] DEBUG reactor.netty.resources.PooledConnectionProvider - [id: 0x3b57da73, L:/127.0.0.1:49868 - R:localhost/127.0.0.1:8081] Registering pool release on close event for channel
20:29:02.236 [reactor-http-nio-15] DEBUG reactor.netty.http.client.HttpClientConnect - [id: 0x3b57da73, L:/127.0.0.1:49868 - R:localhost/127.0.0.1:8081] Handler is being applied: {uri=http://localhost:8081/getUserLocation?userId=1f958bd7-f7e7-4ce0-8ef3-1faefb01a470, method=GET}
20:29:02.237 [reactor-http-nio-15] DEBUG reactor.netty.resources.PooledConnectionProvider - [id: 0x3b57da73, L:/127.0.0.1:49868 - R:localhost/127.0.0.1:8081] onStateChange(GET{uri=/getUserLocation?userId=1f958bd7-f7e7-4ce0-8ef3-1faefb01a470, connection=PooledConnection{channel=[id: 0x3b57da73, L:/127.0.0.1:49868 - R:localhost/127.0.0.1:8081]}}, [request_sent])
20:29:02.237 [reactor-http-nio-15] DEBUG reactor.netty.resources.PooledConnectionProvider - [id: 0x3b57da73, L:/127.0.0.1:49868 - R:localhost/127.0.0.1:8081] Channel connected, now 2 active connections and 0 inactive connections
20:29:02.248 [reactor-http-nio-15] DEBUG reactor.netty.http.client.HttpClientOperations - [id: 0x05482a00, L:/127.0.0.1:49865 - R:localhost/127.0.0.1:8081] Received response (auto-read:false) : [Content-Type=application/json, Transfer-Encoding=chunked, Date=Tue, 29 Jun 2021 14:59:02 GMT]
20:29:02.248 [reactor-http-nio-15] DEBUG reactor.netty.resources.PooledConnectionProvider - [id: 0x05482a00, L:/127.0.0.1:49865 - R:localhost/127.0.0.1:8081] onStateChange(GET{uri=/getAttractions, connection=PooledConnection{channel=[id: 0x05482a00, L:/127.0.0.1:49865 - R:localhost/127.0.0.1:8081]}}, [response_received])
20:29:02.248 [reactor-http-nio-15] DEBUG org.springframework.web.reactive.function.client.ExchangeFunctions - [26bc60cb] Response 200 OK
20:29:02.249 [reactor-http-nio-15] DEBUG reactor.netty.channel.FluxReceive - [id: 0x05482a00, L:/127.0.0.1:49865 - R:localhost/127.0.0.1:8081] Subscribing inbound receiver [pending: 0, cancelled:false, inboundDone: false]
20:29:02.249 [reactor-http-nio-15] DEBUG reactor.netty.http.client.HttpClientOperations - [id: 0x05482a00, L:/127.0.0.1:49865 - R:localhost/127.0.0.1:8081] Received last HTTP packet
20:29:02.250 [reactor-http-nio-15] DEBUG org.springframework.core.codec.StringDecoder - [26bc60cb] Decoded "[{"longitude":-117.922008,"latitude":33.817595,"attractionName":"Disneyland","city":"Anaheim","stat (truncated)...
20:29:02.250 [reactor-http-nio-15] DEBUG reactor.netty.resources.PooledConnectionProvider - [id: 0x05482a00, L:/127.0.0.1:49865 - R:localhost/127.0.0.1:8081] onStateChange(GET{uri=/getAttractions, connection=PooledConnection{channel=[id: 0x05482a00, L:/127.0.0.1:49865 - R:localhost/127.0.0.1:8081]}}, [disconnecting])
20:29:02.250 [reactor-http-nio-15] DEBUG reactor.netty.resources.PooledConnectionProvider - [id: 0x05482a00, L:/127.0.0.1:49865 - R:localhost/127.0.0.1:8081] Releasing channel
20:29:02.250 [reactor-http-nio-15] DEBUG reactor.netty.resources.PooledConnectionProvider - [id: 0x05482a00, L:/127.0.0.1:49865 - R:localhost/127.0.0.1:8081] Channel cleaned, now 1 active connections and 1 inactive connections
20:29:02.253 [Test worker] DEBUG org.springframework.web.reactive.function.client.ExchangeFunctions - [78a232ea] HTTP GET http://localhost:8082/getAttractionRewardPoints?attractionId=a3ad2618-bb76-4918-9220-a044da12743d&userId=1f958bd7-f7e7-4ce0-8ef3-1faefb01a470
20:29:02.253 [reactor-http-nio-11] DEBUG reactor.netty.resources.PooledConnectionProvider - [id: 0x6e7a501f, L:/127.0.0.1:49867 - R:localhost/127.0.0.1:8082] Channel acquired, now 1 active connections and 0 inactive connections
20:29:02.254 [reactor-http-nio-11] DEBUG reactor.netty.http.client.HttpClientConnect - [id: 0x6e7a501f, L:/127.0.0.1:49867 - R:localhost/127.0.0.1:8082] Handler is being applied: {uri=http://localhost:8082/getAttractionRewardPoints?attractionId=a3ad2618-bb76-4918-9220-a044da12743d&userId=1f958bd7-f7e7-4ce0-8ef3-1faefb01a470, method=GET}
20:29:02.255 [reactor-http-nio-11] DEBUG reactor.netty.resources.PooledConnectionProvider - [id: 0x6e7a501f, L:/127.0.0.1:49867 - R:localhost/127.0.0.1:8082] onStateChange(GET{uri=/getAttractionRewardPoints?attractionId=a3ad2618-bb76-4918-9220-a044da12743d&userId=1f958bd7-f7e7-4ce0-8ef3-1faefb01a470, connection=PooledConnection{channel=[id: 0x6e7a501f, L:/127.0.0.1:49867 - R:localhost/127.0.0.1:8082]}}, [request_sent])
20:29:02.298 [reactor-http-nio-15] DEBUG reactor.netty.http.client.HttpClientOperations - [id: 0x3b57da73, L:/127.0.0.1:49868 - R:localhost/127.0.0.1:8081] Received response (auto-read:false) : [Content-Type=application/json, Transfer-Encoding=chunked, Date=Tue, 29 Jun 2021 14:59:02 GMT]
20:29:02.298 [reactor-http-nio-15] DEBUG reactor.netty.resources.PooledConnectionProvider - [id: 0x3b57da73, L:/127.0.0.1:49868 - R:localhost/127.0.0.1:8081] onStateChange(GET{uri=/getUserLocation?userId=1f958bd7-f7e7-4ce0-8ef3-1faefb01a470, connection=PooledConnection{channel=[id: 0x3b57da73, L:/127.0.0.1:49868 - R:localhost/127.0.0.1:8081]}}, [response_received])
20:29:02.299 [reactor-http-nio-15] DEBUG org.springframework.web.reactive.function.client.ExchangeFunctions - [51f58309] Response 200 OK
20:29:02.300 [reactor-http-nio-15] DEBUG reactor.netty.channel.FluxReceive - [id: 0x3b57da73, L:/127.0.0.1:49868 - R:localhost/127.0.0.1:8081] Subscribing inbound receiver [pending: 0, cancelled:false, inboundDone: false]
20:29:02.301 [reactor-http-nio-15] DEBUG reactor.netty.http.client.HttpClientOperations - [id: 0x3b57da73, L:/127.0.0.1:49868 - R:localhost/127.0.0.1:8081] Received last HTTP packet
20:29:02.302 [reactor-http-nio-15] DEBUG org.springframework.core.codec.StringDecoder - [51f58309] Decoded "{"userId":"1f958bd7-f7e7-4ce0-8ef3-1faefb01a470","location":{"longitude":-116.841909,"latitude":46. (truncated)...
20:29:02.302 [reactor-http-nio-15] DEBUG reactor.netty.resources.PooledConnectionProvider - [id: 0x3b57da73, L:/127.0.0.1:49868 - R:localhost/127.0.0.1:8081] onStateChange(GET{uri=/getUserLocation?userId=1f958bd7-f7e7-4ce0-8ef3-1faefb01a470, connection=PooledConnection{channel=[id: 0x3b57da73, L:/127.0.0.1:49868 - R:localhost/127.0.0.1:8081]}}, [disconnecting])
20:29:02.302 [reactor-http-nio-15] DEBUG reactor.netty.resources.PooledConnectionProvider - [id: 0x3b57da73, L:/127.0.0.1:49868 - R:localhost/127.0.0.1:8081] Releasing channel
20:29:02.302 [reactor-http-nio-15] DEBUG reactor.netty.resources.PooledConnectionProvider - [id: 0x3b57da73, L:/127.0.0.1:49868 - R:localhost/127.0.0.1:8081] Channel cleaned, now 0 active connections and 2 inactive connections
20:29:02.305 [pool-10-thread-1] DEBUG org.springframework.web.reactive.function.client.ExchangeFunctions - [5f327747] HTTP GET http://localhost:8081/getAttractions
20:29:02.305 [reactor-http-nio-15] DEBUG reactor.netty.resources.PooledConnectionProvider - [id: 0x05482a00, L:/127.0.0.1:49865 - R:localhost/127.0.0.1:8081] Channel acquired, now 1 active connections and 1 inactive connections
20:29:02.305 [reactor-http-nio-15] DEBUG reactor.netty.http.client.HttpClientConnect - [id: 0x05482a00, L:/127.0.0.1:49865 - R:localhost/127.0.0.1:8081] Handler is being applied: {uri=http://localhost:8081/getAttractions, method=GET}
20:29:02.306 [reactor-http-nio-15] DEBUG reactor.netty.resources.PooledConnectionProvider - [id: 0x05482a00, L:/127.0.0.1:49865 - R:localhost/127.0.0.1:8081] onStateChange(GET{uri=/getAttractions, connection=PooledConnection{channel=[id: 0x05482a00, L:/127.0.0.1:49865 - R:localhost/127.0.0.1:8081]}}, [request_sent])
20:29:02.322 [reactor-http-nio-15] DEBUG reactor.netty.http.client.HttpClientOperations - [id: 0x05482a00, L:/127.0.0.1:49865 - R:localhost/127.0.0.1:8081] Received response (auto-read:false) : [Content-Type=application/json, Transfer-Encoding=chunked, Date=Tue, 29 Jun 2021 14:59:02 GMT]
20:29:02.322 [reactor-http-nio-15] DEBUG reactor.netty.resources.PooledConnectionProvider - [id: 0x05482a00, L:/127.0.0.1:49865 - R:localhost/127.0.0.1:8081] onStateChange(GET{uri=/getAttractions, connection=PooledConnection{channel=[id: 0x05482a00, L:/127.0.0.1:49865 - R:localhost/127.0.0.1:8081]}}, [response_received])
20:29:02.323 [reactor-http-nio-15] DEBUG org.springframework.web.reactive.function.client.ExchangeFunctions - [5f327747] Response 200 OK
20:29:02.323 [reactor-http-nio-15] DEBUG reactor.netty.channel.FluxReceive - [id: 0x05482a00, L:/127.0.0.1:49865 - R:localhost/127.0.0.1:8081] Subscribing inbound receiver [pending: 0, cancelled:false, inboundDone: false]
20:29:02.324 [reactor-http-nio-15] DEBUG reactor.netty.http.client.HttpClientOperations - [id: 0x05482a00, L:/127.0.0.1:49865 - R:localhost/127.0.0.1:8081] Received last HTTP packet
20:29:02.325 [reactor-http-nio-15] DEBUG org.springframework.core.codec.StringDecoder - [5f327747] Decoded "[{"longitude":-117.922008,"latitude":33.817595,"attractionName":"Disneyland","city":"Anaheim","stat (truncated)...
20:29:02.325 [reactor-http-nio-15] DEBUG reactor.netty.resources.PooledConnectionProvider - [id: 0x05482a00, L:/127.0.0.1:49865 - R:localhost/127.0.0.1:8081] onStateChange(GET{uri=/getAttractions, connection=PooledConnection{channel=[id: 0x05482a00, L:/127.0.0.1:49865 - R:localhost/127.0.0.1:8081]}}, [disconnecting])
20:29:02.325 [reactor-http-nio-15] DEBUG reactor.netty.resources.PooledConnectionProvider - [id: 0x05482a00, L:/127.0.0.1:49865 - R:localhost/127.0.0.1:8081] Releasing channel
20:29:02.325 [reactor-http-nio-15] DEBUG reactor.netty.resources.PooledConnectionProvider - [id: 0x05482a00, L:/127.0.0.1:49865 - R:localhost/127.0.0.1:8081] Channel cleaned, now 0 active connections and 2 inactive connections
20:29:02.328 [pool-10-thread-1] DEBUG org.springframework.web.reactive.function.client.ExchangeFunctions - [5b0de879] HTTP GET http://localhost:8082/getAttractionRewardPoints?attractionId=992eeb32-1c7e-4a28-a19a-dbc8425b4e15&userId=1f958bd7-f7e7-4ce0-8ef3-1faefb01a470
20:29:02.329 [reactor-http-nio-11] DEBUG reactor.netty.resources.PooledConnectionProvider - [id: 0xad770be0] Created new pooled channel, now 1 active connections and 1 inactive connections
20:29:02.329 [reactor-http-nio-11] DEBUG reactor.netty.channel.BootstrapHandlers - [id: 0xad770be0] Initialized pipeline DefaultChannelPipeline{(BootstrapHandlers$BootstrapInitializerHandler#0 = reactor.netty.channel.BootstrapHandlers$BootstrapInitializerHandler), (SimpleChannelPool$1#0 = io.netty.channel.pool.SimpleChannelPool$1), (reactor.left.httpCodec = io.netty.handler.codec.http.HttpClientCodec), (reactor.left.decompressor = io.netty.handler.codec.http.HttpContentDecompressor), (reactor.right.reactiveBridge = reactor.netty.channel.ChannelOperationsHandler)}
20:29:02.330 [reactor-http-nio-11] DEBUG reactor.netty.resources.PooledConnectionProvider - [id: 0xad770be0, L:/127.0.0.1:49869 - R:localhost/127.0.0.1:8082] onStateChange(PooledConnection{channel=[id: 0xad770be0, L:/127.0.0.1:49869 - R:localhost/127.0.0.1:8082]}, [connected])
20:29:02.330 [reactor-http-nio-11] DEBUG reactor.netty.resources.PooledConnectionProvider - [id: 0xad770be0, L:/127.0.0.1:49869 - R:localhost/127.0.0.1:8082] onStateChange(GET{uri=/, connection=PooledConnection{channel=[id: 0xad770be0, L:/127.0.0.1:49869 - R:localhost/127.0.0.1:8082]}}, [configured])
20:29:02.330 [reactor-http-nio-11] DEBUG reactor.netty.resources.PooledConnectionProvider - [id: 0xad770be0, L:/127.0.0.1:49869 - R:localhost/127.0.0.1:8082] Registering pool release on close event for channel
20:29:02.331 [reactor-http-nio-11] DEBUG reactor.netty.http.client.HttpClientConnect - [id: 0xad770be0, L:/127.0.0.1:49869 - R:localhost/127.0.0.1:8082] Handler is being applied: {uri=http://localhost:8082/getAttractionRewardPoints?attractionId=992eeb32-1c7e-4a28-a19a-dbc8425b4e15&userId=1f958bd7-f7e7-4ce0-8ef3-1faefb01a470, method=GET}
20:29:02.332 [reactor-http-nio-11] DEBUG reactor.netty.resources.PooledConnectionProvider - [id: 0xad770be0, L:/127.0.0.1:49869 - R:localhost/127.0.0.1:8082] onStateChange(GET{uri=/getAttractionRewardPoints?attractionId=992eeb32-1c7e-4a28-a19a-dbc8425b4e15&userId=1f958bd7-f7e7-4ce0-8ef3-1faefb01a470, connection=PooledConnection{channel=[id: 0xad770be0, L:/127.0.0.1:49869 - R:localhost/127.0.0.1:8082]}}, [request_sent])
20:29:02.332 [reactor-http-nio-11] DEBUG reactor.netty.resources.PooledConnectionProvider - [id: 0xad770be0, L:/127.0.0.1:49869 - R:localhost/127.0.0.1:8082] Channel connected, now 2 active connections and 0 inactive connections
20:29:02.735 [reactor-http-nio-11] DEBUG reactor.netty.http.client.HttpClientOperations - [id: 0x6e7a501f, L:/127.0.0.1:49867 - R:localhost/127.0.0.1:8082] Received response (auto-read:false) : [Content-Type=application/json, Transfer-Encoding=chunked, Date=Tue, 29 Jun 2021 14:59:01 GMT]
20:29:02.736 [reactor-http-nio-11] DEBUG reactor.netty.resources.PooledConnectionProvider - [id: 0x6e7a501f, L:/127.0.0.1:49867 - R:localhost/127.0.0.1:8082] onStateChange(GET{uri=/getAttractionRewardPoints?attractionId=a3ad2618-bb76-4918-9220-a044da12743d&userId=1f958bd7-f7e7-4ce0-8ef3-1faefb01a470, connection=PooledConnection{channel=[id: 0x6e7a501f, L:/127.0.0.1:49867 - R:localhost/127.0.0.1:8082]}}, [response_received])
20:29:02.736 [reactor-http-nio-11] DEBUG org.springframework.web.reactive.function.client.ExchangeFunctions - [78a232ea] Response 200 OK
20:29:02.737 [reactor-http-nio-11] DEBUG reactor.netty.channel.FluxReceive - [id: 0x6e7a501f, L:/127.0.0.1:49867 - R:localhost/127.0.0.1:8082] Subscribing inbound receiver [pending: 0, cancelled:false, inboundDone: false]
20:29:02.738 [reactor-http-nio-11] DEBUG reactor.netty.http.client.HttpClientOperations - [id: 0x6e7a501f, L:/127.0.0.1:49867 - R:localhost/127.0.0.1:8082] Received last HTTP packet
20:29:02.738 [reactor-http-nio-11] DEBUG org.springframework.core.codec.StringDecoder - [78a232ea] Decoded "374"
20:29:02.738 [reactor-http-nio-11] DEBUG reactor.netty.resources.PooledConnectionProvider - [id: 0x6e7a501f, L:/127.0.0.1:49867 - R:localhost/127.0.0.1:8082] onStateChange(GET{uri=/getAttractionRewardPoints?attractionId=a3ad2618-bb76-4918-9220-a044da12743d&userId=1f958bd7-f7e7-4ce0-8ef3-1faefb01a470, connection=PooledConnection{channel=[id: 0x6e7a501f, L:/127.0.0.1:49867 - R:localhost/127.0.0.1:8082]}}, [disconnecting])
20:29:02.738 [reactor-http-nio-11] DEBUG reactor.netty.resources.PooledConnectionProvider - [id: 0x6e7a501f, L:/127.0.0.1:49867 - R:localhost/127.0.0.1:8082] Releasing channel
20:29:02.738 [reactor-http-nio-11] DEBUG reactor.netty.resources.PooledConnectionProvider - [id: 0x6e7a501f, L:/127.0.0.1:49867 - R:localhost/127.0.0.1:8082] Channel cleaned, now 1 active connections and 1 inactive connections
20:29:02.741 [Test worker] DEBUG org.springframework.web.reactive.function.client.ExchangeFunctions - [166447ea] HTTP GET http://localhost:8082/getAttractionRewardPoints?attractionId=3463464c-42a2-4f66-abb5-c3a0ebc04d40&userId=1f958bd7-f7e7-4ce0-8ef3-1faefb01a470
20:29:02.742 [reactor-http-nio-11] DEBUG reactor.netty.resources.PooledConnectionProvider - [id: 0x6e7a501f, L:/127.0.0.1:49867 - R:localhost/127.0.0.1:8082] Channel acquired, now 2 active connections and 0 inactive connections
20:29:02.742 [reactor-http-nio-11] DEBUG reactor.netty.http.client.HttpClientConnect - [id: 0x6e7a501f, L:/127.0.0.1:49867 - R:localhost/127.0.0.1:8082] Handler is being applied: {uri=http://localhost:8082/getAttractionRewardPoints?attractionId=3463464c-42a2-4f66-abb5-c3a0ebc04d40&userId=1f958bd7-f7e7-4ce0-8ef3-1faefb01a470, method=GET}
20:29:02.743 [reactor-http-nio-11] DEBUG reactor.netty.resources.PooledConnectionProvider - [id: 0x6e7a501f, L:/127.0.0.1:49867 - R:localhost/127.0.0.1:8082] onStateChange(GET{uri=/getAttractionRewardPoints?attractionId=3463464c-42a2-4f66-abb5-c3a0ebc04d40&userId=1f958bd7-f7e7-4ce0-8ef3-1faefb01a470, connection=PooledConnection{channel=[id: 0x6e7a501f, L:/127.0.0.1:49867 - R:localhost/127.0.0.1:8082]}}, [request_sent])
20:29:02.796 [reactor-http-nio-11] DEBUG reactor.netty.http.client.HttpClientOperations - [id: 0xad770be0, L:/127.0.0.1:49869 - R:localhost/127.0.0.1:8082] Received response (auto-read:false) : [Content-Type=application/json, Transfer-Encoding=chunked, Date=Tue, 29 Jun 2021 14:59:01 GMT]
20:29:02.796 [reactor-http-nio-11] DEBUG reactor.netty.resources.PooledConnectionProvider - [id: 0xad770be0, L:/127.0.0.1:49869 - R:localhost/127.0.0.1:8082] onStateChange(GET{uri=/getAttractionRewardPoints?attractionId=992eeb32-1c7e-4a28-a19a-dbc8425b4e15&userId=1f958bd7-f7e7-4ce0-8ef3-1faefb01a470, connection=PooledConnection{channel=[id: 0xad770be0, L:/127.0.0.1:49869 - R:localhost/127.0.0.1:8082]}}, [response_received])
20:29:02.796 [reactor-http-nio-11] DEBUG org.springframework.web.reactive.function.client.ExchangeFunctions - [5b0de879] Response 200 OK
20:29:02.797 [reactor-http-nio-11] DEBUG reactor.netty.channel.FluxReceive - [id: 0xad770be0, L:/127.0.0.1:49869 - R:localhost/127.0.0.1:8082] Subscribing inbound receiver [pending: 0, cancelled:false, inboundDone: false]
20:29:02.798 [reactor-http-nio-11] DEBUG reactor.netty.http.client.HttpClientOperations - [id: 0xad770be0, L:/127.0.0.1:49869 - R:localhost/127.0.0.1:8082] Received last HTTP packet
20:29:02.798 [reactor-http-nio-11] DEBUG org.springframework.core.codec.StringDecoder - [5b0de879] Decoded "897"
20:29:02.798 [reactor-http-nio-11] DEBUG reactor.netty.resources.PooledConnectionProvider - [id: 0xad770be0, L:/127.0.0.1:49869 - R:localhost/127.0.0.1:8082] onStateChange(GET{uri=/getAttractionRewardPoints?attractionId=992eeb32-1c7e-4a28-a19a-dbc8425b4e15&userId=1f958bd7-f7e7-4ce0-8ef3-1faefb01a470, connection=PooledConnection{channel=[id: 0xad770be0, L:/127.0.0.1:49869 - R:localhost/127.0.0.1:8082]}}, [disconnecting])
20:29:02.799 [reactor-http-nio-11] DEBUG reactor.netty.resources.PooledConnectionProvider - [id: 0xad770be0, L:/127.0.0.1:49869 - R:localhost/127.0.0.1:8082] Releasing channel
20:29:02.799 [reactor-http-nio-11] DEBUG reactor.netty.resources.PooledConnectionProvider - [id: 0xad770be0, L:/127.0.0.1:49869 - R:localhost/127.0.0.1:8082] Channel cleaned, now 1 active connections and 1 inactive connections
20:29:02.800 [pool-10-thread-1] DEBUG org.springframework.web.reactive.function.client.ExchangeFunctions - [1e0f7d7c] HTTP GET http://localhost:8082/getAttractionRewardPoints?attractionId=577f2cc4-4d3e-4989-8034-bcc0762428e9&userId=1f958bd7-f7e7-4ce0-8ef3-1faefb01a470
20:29:02.801 [reactor-http-nio-11] DEBUG reactor.netty.resources.PooledConnectionProvider - [id: 0xad770be0, L:/127.0.0.1:49869 - R:localhost/127.0.0.1:8082] Channel acquired, now 2 active connections and 0 inactive connections
20:29:02.801 [reactor-http-nio-11] DEBUG reactor.netty.http.client.HttpClientConnect - [id: 0xad770be0, L:/127.0.0.1:49869 - R:localhost/127.0.0.1:8082] Handler is being applied: {uri=http://localhost:8082/getAttractionRewardPoints?attractionId=577f2cc4-4d3e-4989-8034-bcc0762428e9&userId=1f958bd7-f7e7-4ce0-8ef3-1faefb01a470, method=GET}
20:29:02.802 [reactor-http-nio-11] DEBUG reactor.netty.resources.PooledConnectionProvider - [id: 0xad770be0, L:/127.0.0.1:49869 - R:localhost/127.0.0.1:8082] onStateChange(GET{uri=/getAttractionRewardPoints?attractionId=577f2cc4-4d3e-4989-8034-bcc0762428e9&userId=1f958bd7-f7e7-4ce0-8ef3-1faefb01a470, connection=PooledConnection{channel=[id: 0xad770be0, L:/127.0.0.1:49869 - R:localhost/127.0.0.1:8082]}}, [request_sent])
20:29:03.004 [reactor-http-nio-11] DEBUG reactor.netty.http.client.HttpClientOperations - [id: 0xad770be0, L:/127.0.0.1:49869 - R:localhost/127.0.0.1:8082] Received response (auto-read:false) : [Content-Type=application/json, Transfer-Encoding=chunked, Date=Tue, 29 Jun 2021 14:59:03 GMT]
20:29:03.005 [reactor-http-nio-11] DEBUG reactor.netty.resources.PooledConnectionProvider - [id: 0xad770be0, L:/127.0.0.1:49869 - R:localhost/127.0.0.1:8082] onStateChange(GET{uri=/getAttractionRewardPoints?attractionId=577f2cc4-4d3e-4989-8034-bcc0762428e9&userId=1f958bd7-f7e7-4ce0-8ef3-1faefb01a470, connection=PooledConnection{channel=[id: 0xad770be0, L:/127.0.0.1:49869 - R:localhost/127.0.0.1:8082]}}, [response_received])
20:29:03.005 [reactor-http-nio-11] DEBUG org.springframework.web.reactive.function.client.ExchangeFunctions - [1e0f7d7c] Response 200 OK
20:29:03.006 [reactor-http-nio-11] DEBUG reactor.netty.channel.FluxReceive - [id: 0xad770be0, L:/127.0.0.1:49869 - R:localhost/127.0.0.1:8082] Subscribing inbound receiver [pending: 0, cancelled:false, inboundDone: false]
20:29:03.006 [reactor-http-nio-11] DEBUG reactor.netty.http.client.HttpClientOperations - [id: 0xad770be0, L:/127.0.0.1:49869 - R:localhost/127.0.0.1:8082] Received last HTTP packet
20:29:03.007 [reactor-http-nio-11] DEBUG org.springframework.core.codec.StringDecoder - [1e0f7d7c] Decoded "270"
20:29:03.007 [reactor-http-nio-11] DEBUG reactor.netty.resources.PooledConnectionProvider - [id: 0xad770be0, L:/127.0.0.1:49869 - R:localhost/127.0.0.1:8082] onStateChange(GET{uri=/getAttractionRewardPoints?attractionId=577f2cc4-4d3e-4989-8034-bcc0762428e9&userId=1f958bd7-f7e7-4ce0-8ef3-1faefb01a470, connection=PooledConnection{channel=[id: 0xad770be0, L:/127.0.0.1:49869 - R:localhost/127.0.0.1:8082]}}, [disconnecting])
20:29:03.007 [reactor-http-nio-11] DEBUG reactor.netty.resources.PooledConnectionProvider - [id: 0xad770be0, L:/127.0.0.1:49869 - R:localhost/127.0.0.1:8082] Releasing channel
20:29:03.007 [reactor-http-nio-11] DEBUG reactor.netty.resources.PooledConnectionProvider - [id: 0xad770be0, L:/127.0.0.1:49869 - R:localhost/127.0.0.1:8082] Channel cleaned, now 1 active connections and 1 inactive connections
20:29:03.009 [pool-10-thread-1] DEBUG org.springframework.web.reactive.function.client.ExchangeFunctions - [631f487f] HTTP GET http://localhost:8082/getAttractionRewardPoints?attractionId=3aece699-0f4c-4c6a-8c38-953a890af763&userId=1f958bd7-f7e7-4ce0-8ef3-1faefb01a470
20:29:03.009 [reactor-http-nio-11] DEBUG reactor.netty.resources.PooledConnectionProvider - [id: 0xad770be0, L:/127.0.0.1:49869 - R:localhost/127.0.0.1:8082] Channel acquired, now 2 active connections and 0 inactive connections
20:29:03.009 [reactor-http-nio-11] DEBUG reactor.netty.http.client.HttpClientConnect - [id: 0xad770be0, L:/127.0.0.1:49869 - R:localhost/127.0.0.1:8082] Handler is being applied: {uri=http://localhost:8082/getAttractionRewardPoints?attractionId=3aece699-0f4c-4c6a-8c38-953a890af763&userId=1f958bd7-f7e7-4ce0-8ef3-1faefb01a470, method=GET}
20:29:03.010 [reactor-http-nio-11] DEBUG reactor.netty.resources.PooledConnectionProvider - [id: 0xad770be0, L:/127.0.0.1:49869 - R:localhost/127.0.0.1:8082] onStateChange(GET{uri=/getAttractionRewardPoints?attractionId=3aece699-0f4c-4c6a-8c38-953a890af763&userId=1f958bd7-f7e7-4ce0-8ef3-1faefb01a470, connection=PooledConnection{channel=[id: 0xad770be0, L:/127.0.0.1:49869 - R:localhost/127.0.0.1:8082]}}, [request_sent])
20:29:03.624 [reactor-http-nio-11] DEBUG reactor.netty.http.client.HttpClientOperations - [id: 0xad770be0, L:/127.0.0.1:49869 - R:localhost/127.0.0.1:8082] Received response (auto-read:false) : [Content-Type=application/json, Transfer-Encoding=chunked, Date=Tue, 29 Jun 2021 14:59:03 GMT]
20:29:03.624 [reactor-http-nio-11] DEBUG reactor.netty.resources.PooledConnectionProvider - [id: 0xad770be0, L:/127.0.0.1:49869 - R:localhost/127.0.0.1:8082] onStateChange(GET{uri=/getAttractionRewardPoints?attractionId=3aece699-0f4c-4c6a-8c38-953a890af763&userId=1f958bd7-f7e7-4ce0-8ef3-1faefb01a470, connection=PooledConnection{channel=[id: 0xad770be0, L:/127.0.0.1:49869 - R:localhost/127.0.0.1:8082]}}, [response_received])
20:29:03.625 [reactor-http-nio-11] DEBUG org.springframework.web.reactive.function.client.ExchangeFunctions - [631f487f] Response 200 OK
20:29:03.626 [reactor-http-nio-11] DEBUG reactor.netty.channel.FluxReceive - [id: 0xad770be0, L:/127.0.0.1:49869 - R:localhost/127.0.0.1:8082] Subscribing inbound receiver [pending: 0, cancelled:false, inboundDone: false]
20:29:03.627 [reactor-http-nio-11] DEBUG reactor.netty.http.client.HttpClientOperations - [id: 0xad770be0, L:/127.0.0.1:49869 - R:localhost/127.0.0.1:8082] Received last HTTP packet
20:29:03.627 [reactor-http-nio-11] DEBUG org.springframework.core.codec.StringDecoder - [631f487f] Decoded "182"
20:29:03.627 [reactor-http-nio-11] DEBUG reactor.netty.resources.PooledConnectionProvider - [id: 0xad770be0, L:/127.0.0.1:49869 - R:localhost/127.0.0.1:8082] onStateChange(GET{uri=/getAttractionRewardPoints?attractionId=3aece699-0f4c-4c6a-8c38-953a890af763&userId=1f958bd7-f7e7-4ce0-8ef3-1faefb01a470, connection=PooledConnection{channel=[id: 0xad770be0, L:/127.0.0.1:49869 - R:localhost/127.0.0.1:8082]}}, [disconnecting])
20:29:03.628 [reactor-http-nio-11] DEBUG reactor.netty.resources.PooledConnectionProvider - [id: 0xad770be0, L:/127.0.0.1:49869 - R:localhost/127.0.0.1:8082] Releasing channel
20:29:03.628 [reactor-http-nio-11] DEBUG reactor.netty.resources.PooledConnectionProvider - [id: 0xad770be0, L:/127.0.0.1:49869 - R:localhost/127.0.0.1:8082] Channel cleaned, now 1 active connections and 1 inactive connections
20:29:03.629 [pool-10-thread-1] DEBUG org.springframework.web.reactive.function.client.ExchangeFunctions - [2fdb8314] HTTP GET http://localhost:8082/getAttractionRewardPoints?attractionId=1fef0c6b-aa3d-47af-9c8f-422810ce2307&userId=1f958bd7-f7e7-4ce0-8ef3-1faefb01a470
20:29:03.630 [reactor-http-nio-11] DEBUG reactor.netty.resources.PooledConnectionProvider - [id: 0xad770be0, L:/127.0.0.1:49869 - R:localhost/127.0.0.1:8082] Channel acquired, now 2 active connections and 0 inactive connections
20:29:03.630 [reactor-http-nio-11] DEBUG reactor.netty.http.client.HttpClientConnect - [id: 0xad770be0, L:/127.0.0.1:49869 - R:localhost/127.0.0.1:8082] Handler is being applied: {uri=http://localhost:8082/getAttractionRewardPoints?attractionId=1fef0c6b-aa3d-47af-9c8f-422810ce2307&userId=1f958bd7-f7e7-4ce0-8ef3-1faefb01a470, method=GET}
20:29:03.631 [reactor-http-nio-11] DEBUG reactor.netty.resources.PooledConnectionProvider - [id: 0xad770be0, L:/127.0.0.1:49869 - R:localhost/127.0.0.1:8082] onStateChange(GET{uri=/getAttractionRewardPoints?attractionId=1fef0c6b-aa3d-47af-9c8f-422810ce2307&userId=1f958bd7-f7e7-4ce0-8ef3-1faefb01a470, connection=PooledConnection{channel=[id: 0xad770be0, L:/127.0.0.1:49869 - R:localhost/127.0.0.1:8082]}}, [request_sent])
20:29:03.649 [reactor-http-nio-11] DEBUG reactor.netty.http.client.HttpClientOperations - [id: 0x6e7a501f, L:/127.0.0.1:49867 - R:localhost/127.0.0.1:8082] Received response (auto-read:false) : [Content-Type=application/json, Transfer-Encoding=chunked, Date=Tue, 29 Jun 2021 14:59:03 GMT]
20:29:03.649 [reactor-http-nio-11] DEBUG reactor.netty.resources.PooledConnectionProvider - [id: 0x6e7a501f, L:/127.0.0.1:49867 - R:localhost/127.0.0.1:8082] onStateChange(GET{uri=/getAttractionRewardPoints?attractionId=3463464c-42a2-4f66-abb5-c3a0ebc04d40&userId=1f958bd7-f7e7-4ce0-8ef3-1faefb01a470, connection=PooledConnection{channel=[id: 0x6e7a501f, L:/127.0.0.1:49867 - R:localhost/127.0.0.1:8082]}}, [response_received])
20:29:03.649 [reactor-http-nio-11] DEBUG org.springframework.web.reactive.function.client.ExchangeFunctions - [166447ea] Response 200 OK
20:29:03.650 [reactor-http-nio-11] DEBUG reactor.netty.channel.FluxReceive - [id: 0x6e7a501f, L:/127.0.0.1:49867 - R:localhost/127.0.0.1:8082] Subscribing inbound receiver [pending: 0, cancelled:false, inboundDone: false]
20:29:03.651 [reactor-http-nio-11] DEBUG reactor.netty.http.client.HttpClientOperations - [id: 0x6e7a501f, L:/127.0.0.1:49867 - R:localhost/127.0.0.1:8082] Received last HTTP packet
20:29:03.651 [reactor-http-nio-11] DEBUG org.springframework.core.codec.StringDecoder - [166447ea] Decoded "536"
20:29:03.651 [reactor-http-nio-11] DEBUG reactor.netty.resources.PooledConnectionProvider - [id: 0x6e7a501f, L:/127.0.0.1:49867 - R:localhost/127.0.0.1:8082] onStateChange(GET{uri=/getAttractionRewardPoints?attractionId=3463464c-42a2-4f66-abb5-c3a0ebc04d40&userId=1f958bd7-f7e7-4ce0-8ef3-1faefb01a470, connection=PooledConnection{channel=[id: 0x6e7a501f, L:/127.0.0.1:49867 - R:localhost/127.0.0.1:8082]}}, [disconnecting])
20:29:03.652 [reactor-http-nio-11] DEBUG reactor.netty.resources.PooledConnectionProvider - [id: 0x6e7a501f, L:/127.0.0.1:49867 - R:localhost/127.0.0.1:8082] Releasing channel
20:29:03.652 [reactor-http-nio-11] DEBUG reactor.netty.resources.PooledConnectionProvider - [id: 0x6e7a501f, L:/127.0.0.1:49867 - R:localhost/127.0.0.1:8082] Channel cleaned, now 1 active connections and 1 inactive connections
20:29:03.653 [Test worker] DEBUG org.springframework.web.reactive.function.client.ExchangeFunctions - [531bd7d5] HTTP GET http://localhost:8082/getAttractionRewardPoints?attractionId=786679c1-9859-4187-8371-fa685106a915&userId=1f958bd7-f7e7-4ce0-8ef3-1faefb01a470
20:29:03.654 [reactor-http-nio-11] DEBUG reactor.netty.resources.PooledConnectionProvider - [id: 0x6e7a501f, L:/127.0.0.1:49867 - R:localhost/127.0.0.1:8082] Channel acquired, now 2 active connections and 0 inactive connections
20:29:03.654 [reactor-http-nio-11] DEBUG reactor.netty.http.client.HttpClientConnect - [id: 0x6e7a501f, L:/127.0.0.1:49867 - R:localhost/127.0.0.1:8082] Handler is being applied: {uri=http://localhost:8082/getAttractionRewardPoints?attractionId=786679c1-9859-4187-8371-fa685106a915&userId=1f958bd7-f7e7-4ce0-8ef3-1faefb01a470, method=GET}
20:29:03.656 [reactor-http-nio-11] DEBUG reactor.netty.resources.PooledConnectionProvider - [id: 0x6e7a501f, L:/127.0.0.1:49867 - R:localhost/127.0.0.1:8082] onStateChange(GET{uri=/getAttractionRewardPoints?attractionId=786679c1-9859-4187-8371-fa685106a915&userId=1f958bd7-f7e7-4ce0-8ef3-1faefb01a470, connection=PooledConnection{channel=[id: 0x6e7a501f, L:/127.0.0.1:49867 - R:localhost/127.0.0.1:8082]}}, [request_sent])
20:29:04.081 [reactor-http-nio-11] DEBUG reactor.netty.http.client.HttpClientOperations - [id: 0xad770be0, L:/127.0.0.1:49869 - R:localhost/127.0.0.1:8082] Received response (auto-read:false) : [Content-Type=application/json, Transfer-Encoding=chunked, Date=Tue, 29 Jun 2021 14:59:04 GMT]
20:29:04.081 [reactor-http-nio-11] DEBUG reactor.netty.resources.PooledConnectionProvider - [id: 0xad770be0, L:/127.0.0.1:49869 - R:localhost/127.0.0.1:8082] onStateChange(GET{uri=/getAttractionRewardPoints?attractionId=1fef0c6b-aa3d-47af-9c8f-422810ce2307&userId=1f958bd7-f7e7-4ce0-8ef3-1faefb01a470, connection=PooledConnection{channel=[id: 0xad770be0, L:/127.0.0.1:49869 - R:localhost/127.0.0.1:8082]}}, [response_received])
20:29:04.081 [reactor-http-nio-11] DEBUG org.springframework.web.reactive.function.client.ExchangeFunctions - [2fdb8314] Response 200 OK
20:29:04.082 [reactor-http-nio-11] DEBUG reactor.netty.channel.FluxReceive - [id: 0xad770be0, L:/127.0.0.1:49869 - R:localhost/127.0.0.1:8082] Subscribing inbound receiver [pending: 0, cancelled:false, inboundDone: false]
20:29:04.083 [reactor-http-nio-11] DEBUG reactor.netty.http.client.HttpClientOperations - [id: 0xad770be0, L:/127.0.0.1:49869 - R:localhost/127.0.0.1:8082] Received last HTTP packet
20:29:04.083 [reactor-http-nio-11] DEBUG org.springframework.core.codec.StringDecoder - [2fdb8314] Decoded "495"
20:29:04.084 [reactor-http-nio-11] DEBUG reactor.netty.resources.PooledConnectionProvider - [id: 0xad770be0, L:/127.0.0.1:49869 - R:localhost/127.0.0.1:8082] onStateChange(GET{uri=/getAttractionRewardPoints?attractionId=1fef0c6b-aa3d-47af-9c8f-422810ce2307&userId=1f958bd7-f7e7-4ce0-8ef3-1faefb01a470, connection=PooledConnection{channel=[id: 0xad770be0, L:/127.0.0.1:49869 - R:localhost/127.0.0.1:8082]}}, [disconnecting])
20:29:04.084 [reactor-http-nio-11] DEBUG reactor.netty.resources.PooledConnectionProvider - [id: 0xad770be0, L:/127.0.0.1:49869 - R:localhost/127.0.0.1:8082] Releasing channel
20:29:04.084 [reactor-http-nio-11] DEBUG reactor.netty.resources.PooledConnectionProvider - [id: 0xad770be0, L:/127.0.0.1:49869 - R:localhost/127.0.0.1:8082] Channel cleaned, now 1 active connections and 1 inactive connections
20:29:04.085 [pool-10-thread-1] DEBUG org.springframework.web.reactive.function.client.ExchangeFunctions - [1b21e8b6] HTTP GET http://localhost:8082/getAttractionRewardPoints?attractionId=e49aea99-ccc8-4a99-8914-407bddd145f8&userId=1f958bd7-f7e7-4ce0-8ef3-1faefb01a470
20:29:04.086 [reactor-http-nio-11] DEBUG reactor.netty.resources.PooledConnectionProvider - [id: 0xad770be0, L:/127.0.0.1:49869 - R:localhost/127.0.0.1:8082] Channel acquired, now 2 active connections and 0 inactive connections
20:29:04.086 [reactor-http-nio-11] DEBUG reactor.netty.http.client.HttpClientConnect - [id: 0xad770be0, L:/127.0.0.1:49869 - R:localhost/127.0.0.1:8082] Handler is being applied: {uri=http://localhost:8082/getAttractionRewardPoints?attractionId=e49aea99-ccc8-4a99-8914-407bddd145f8&userId=1f958bd7-f7e7-4ce0-8ef3-1faefb01a470, method=GET}
20:29:04.087 [reactor-http-nio-11] DEBUG reactor.netty.resources.PooledConnectionProvider - [id: 0xad770be0, L:/127.0.0.1:49869 - R:localhost/127.0.0.1:8082] onStateChange(GET{uri=/getAttractionRewardPoints?attractionId=e49aea99-ccc8-4a99-8914-407bddd145f8&userId=1f958bd7-f7e7-4ce0-8ef3-1faefb01a470, connection=PooledConnection{channel=[id: 0xad770be0, L:/127.0.0.1:49869 - R:localhost/127.0.0.1:8082]}}, [request_sent])
20:29:04.520 [reactor-http-nio-11] DEBUG reactor.netty.http.client.HttpClientOperations - [id: 0x6e7a501f, L:/127.0.0.1:49867 - R:localhost/127.0.0.1:8082] Received response (auto-read:false) : [Content-Type=application/json, Transfer-Encoding=chunked, Date=Tue, 29 Jun 2021 14:59:04 GMT]
20:29:04.521 [reactor-http-nio-11] DEBUG reactor.netty.resources.PooledConnectionProvider - [id: 0x6e7a501f, L:/127.0.0.1:49867 - R:localhost/127.0.0.1:8082] onStateChange(GET{uri=/getAttractionRewardPoints?attractionId=786679c1-9859-4187-8371-fa685106a915&userId=1f958bd7-f7e7-4ce0-8ef3-1faefb01a470, connection=PooledConnection{channel=[id: 0x6e7a501f, L:/127.0.0.1:49867 - R:localhost/127.0.0.1:8082]}}, [response_received])
20:29:04.521 [reactor-http-nio-11] DEBUG org.springframework.web.reactive.function.client.ExchangeFunctions - [531bd7d5] Response 200 OK
20:29:04.522 [reactor-http-nio-11] DEBUG reactor.netty.channel.FluxReceive - [id: 0x6e7a501f, L:/127.0.0.1:49867 - R:localhost/127.0.0.1:8082] Subscribing inbound receiver [pending: 0, cancelled:false, inboundDone: false]
20:29:04.522 [reactor-http-nio-11] DEBUG reactor.netty.http.client.HttpClientOperations - [id: 0x6e7a501f, L:/127.0.0.1:49867 - R:localhost/127.0.0.1:8082] Received last HTTP packet
20:29:04.523 [reactor-http-nio-11] DEBUG org.springframework.core.codec.StringDecoder - [531bd7d5] Decoded "597"
20:29:04.523 [reactor-http-nio-11] DEBUG reactor.netty.resources.PooledConnectionProvider - [id: 0x6e7a501f, L:/127.0.0.1:49867 - R:localhost/127.0.0.1:8082] onStateChange(GET{uri=/getAttractionRewardPoints?attractionId=786679c1-9859-4187-8371-fa685106a915&userId=1f958bd7-f7e7-4ce0-8ef3-1faefb01a470, connection=PooledConnection{channel=[id: 0x6e7a501f, L:/127.0.0.1:49867 - R:localhost/127.0.0.1:8082]}}, [disconnecting])
20:29:04.523 [reactor-http-nio-11] DEBUG reactor.netty.resources.PooledConnectionProvider - [id: 0x6e7a501f, L:/127.0.0.1:49867 - R:localhost/127.0.0.1:8082] Releasing channel
20:29:04.523 [reactor-http-nio-11] DEBUG reactor.netty.resources.PooledConnectionProvider - [id: 0x6e7a501f, L:/127.0.0.1:49867 - R:localhost/127.0.0.1:8082] Channel cleaned, now 1 active connections and 1 inactive connections
20:29:04.524 [Test worker] DEBUG org.springframework.web.reactive.function.client.ExchangeFunctions - [3ac78a3e] HTTP GET http://localhost:8082/getAttractionRewardPoints?attractionId=4abccd1a-5f1f-423a-9cbb-b811728e3470&userId=1f958bd7-f7e7-4ce0-8ef3-1faefb01a470
20:29:04.525 [reactor-http-nio-11] DEBUG reactor.netty.resources.PooledConnectionProvider - [id: 0x6e7a501f, L:/127.0.0.1:49867 - R:localhost/127.0.0.1:8082] Channel acquired, now 2 active connections and 0 inactive connections
20:29:04.525 [reactor-http-nio-11] DEBUG reactor.netty.http.client.HttpClientConnect - [id: 0x6e7a501f, L:/127.0.0.1:49867 - R:localhost/127.0.0.1:8082] Handler is being applied: {uri=http://localhost:8082/getAttractionRewardPoints?attractionId=4abccd1a-5f1f-423a-9cbb-b811728e3470&userId=1f958bd7-f7e7-4ce0-8ef3-1faefb01a470, method=GET}
20:29:04.526 [reactor-http-nio-11] DEBUG reactor.netty.resources.PooledConnectionProvider - [id: 0x6e7a501f, L:/127.0.0.1:49867 - R:localhost/127.0.0.1:8082] onStateChange(GET{uri=/getAttractionRewardPoints?attractionId=4abccd1a-5f1f-423a-9cbb-b811728e3470&userId=1f958bd7-f7e7-4ce0-8ef3-1faefb01a470, connection=PooledConnection{channel=[id: 0x6e7a501f, L:/127.0.0.1:49867 - R:localhost/127.0.0.1:8082]}}, [request_sent])
20:29:04.747 [reactor-http-nio-11] DEBUG reactor.netty.http.client.HttpClientOperations - [id: 0xad770be0, L:/127.0.0.1:49869 - R:localhost/127.0.0.1:8082] Received response (auto-read:false) : [Content-Type=application/json, Transfer-Encoding=chunked, Date=Tue, 29 Jun 2021 14:59:04 GMT]
20:29:04.747 [reactor-http-nio-11] DEBUG reactor.netty.resources.PooledConnectionProvider - [id: 0xad770be0, L:/127.0.0.1:49869 - R:localhost/127.0.0.1:8082] onStateChange(GET{uri=/getAttractionRewardPoints?attractionId=e49aea99-ccc8-4a99-8914-407bddd145f8&userId=1f958bd7-f7e7-4ce0-8ef3-1faefb01a470, connection=PooledConnection{channel=[id: 0xad770be0, L:/127.0.0.1:49869 - R:localhost/127.0.0.1:8082]}}, [response_received])
20:29:04.747 [reactor-http-nio-11] DEBUG org.springframework.web.reactive.function.client.ExchangeFunctions - [1b21e8b6] Response 200 OK
20:29:04.748 [reactor-http-nio-11] DEBUG reactor.netty.channel.FluxReceive - [id: 0xad770be0, L:/127.0.0.1:49869 - R:localhost/127.0.0.1:8082] Subscribing inbound receiver [pending: 0, cancelled:false, inboundDone: false]
20:29:04.749 [reactor-http-nio-11] DEBUG reactor.netty.http.client.HttpClientOperations - [id: 0xad770be0, L:/127.0.0.1:49869 - R:localhost/127.0.0.1:8082] Received last HTTP packet
20:29:04.749 [reactor-http-nio-11] DEBUG org.springframework.core.codec.StringDecoder - [1b21e8b6] Decoded "74"
20:29:04.749 [reactor-http-nio-11] DEBUG reactor.netty.resources.PooledConnectionProvider - [id: 0xad770be0, L:/127.0.0.1:49869 - R:localhost/127.0.0.1:8082] onStateChange(GET{uri=/getAttractionRewardPoints?attractionId=e49aea99-ccc8-4a99-8914-407bddd145f8&userId=1f958bd7-f7e7-4ce0-8ef3-1faefb01a470, connection=PooledConnection{channel=[id: 0xad770be0, L:/127.0.0.1:49869 - R:localhost/127.0.0.1:8082]}}, [disconnecting])
20:29:04.749 [reactor-http-nio-11] DEBUG reactor.netty.resources.PooledConnectionProvider - [id: 0xad770be0, L:/127.0.0.1:49869 - R:localhost/127.0.0.1:8082] Releasing channel
20:29:04.749 [reactor-http-nio-11] DEBUG reactor.netty.resources.PooledConnectionProvider - [id: 0xad770be0, L:/127.0.0.1:49869 - R:localhost/127.0.0.1:8082] Channel cleaned, now 1 active connections and 1 inactive connections
20:29:04.750 [pool-10-thread-1] DEBUG org.springframework.web.reactive.function.client.ExchangeFunctions - [7e208233] HTTP GET http://localhost:8082/getAttractionRewardPoints?attractionId=45a76d76-d290-44b1-89a1-2894afc34f09&userId=1f958bd7-f7e7-4ce0-8ef3-1faefb01a470
20:29:04.751 [reactor-http-nio-11] DEBUG reactor.netty.resources.PooledConnectionProvider - [id: 0xad770be0, L:/127.0.0.1:49869 - R:localhost/127.0.0.1:8082] Channel acquired, now 2 active connections and 0 inactive connections
20:29:04.751 [reactor-http-nio-11] DEBUG reactor.netty.http.client.HttpClientConnect - [id: 0xad770be0, L:/127.0.0.1:49869 - R:localhost/127.0.0.1:8082] Handler is being applied: {uri=http://localhost:8082/getAttractionRewardPoints?attractionId=45a76d76-d290-44b1-89a1-2894afc34f09&userId=1f958bd7-f7e7-4ce0-8ef3-1faefb01a470, method=GET}
20:29:04.752 [reactor-http-nio-11] DEBUG reactor.netty.resources.PooledConnectionProvider - [id: 0xad770be0, L:/127.0.0.1:49869 - R:localhost/127.0.0.1:8082] onStateChange(GET{uri=/getAttractionRewardPoints?attractionId=45a76d76-d290-44b1-89a1-2894afc34f09&userId=1f958bd7-f7e7-4ce0-8ef3-1faefb01a470, connection=PooledConnection{channel=[id: 0xad770be0, L:/127.0.0.1:49869 - R:localhost/127.0.0.1:8082]}}, [request_sent])
20:29:04.830 [reactor-http-nio-11] DEBUG reactor.netty.http.client.HttpClientOperations - [id: 0x6e7a501f, L:/127.0.0.1:49867 - R:localhost/127.0.0.1:8082] Received response (auto-read:false) : [Content-Type=application/json, Transfer-Encoding=chunked, Date=Tue, 29 Jun 2021 14:59:04 GMT]
20:29:04.830 [reactor-http-nio-11] DEBUG reactor.netty.resources.PooledConnectionProvider - [id: 0x6e7a501f, L:/127.0.0.1:49867 - R:localhost/127.0.0.1:8082] onStateChange(GET{uri=/getAttractionRewardPoints?attractionId=4abccd1a-5f1f-423a-9cbb-b811728e3470&userId=1f958bd7-f7e7-4ce0-8ef3-1faefb01a470, connection=PooledConnection{channel=[id: 0x6e7a501f, L:/127.0.0.1:49867 - R:localhost/127.0.0.1:8082]}}, [response_received])
20:29:04.831 [reactor-http-nio-11] DEBUG org.springframework.web.reactive.function.client.ExchangeFunctions - [3ac78a3e] Response 200 OK
20:29:04.831 [reactor-http-nio-11] DEBUG reactor.netty.channel.FluxReceive - [id: 0x6e7a501f, L:/127.0.0.1:49867 - R:localhost/127.0.0.1:8082] Subscribing inbound receiver [pending: 0, cancelled:false, inboundDone: false]
20:29:04.832 [reactor-http-nio-11] DEBUG reactor.netty.http.client.HttpClientOperations - [id: 0x6e7a501f, L:/127.0.0.1:49867 - R:localhost/127.0.0.1:8082] Received last HTTP packet
20:29:04.833 [reactor-http-nio-11] DEBUG org.springframework.core.codec.StringDecoder - [3ac78a3e] Decoded "760"
20:29:04.833 [reactor-http-nio-11] DEBUG reactor.netty.resources.PooledConnectionProvider - [id: 0x6e7a501f, L:/127.0.0.1:49867 - R:localhost/127.0.0.1:8082] onStateChange(GET{uri=/getAttractionRewardPoints?attractionId=4abccd1a-5f1f-423a-9cbb-b811728e3470&userId=1f958bd7-f7e7-4ce0-8ef3-1faefb01a470, connection=PooledConnection{channel=[id: 0x6e7a501f, L:/127.0.0.1:49867 - R:localhost/127.0.0.1:8082]}}, [disconnecting])
20:29:04.833 [reactor-http-nio-11] DEBUG reactor.netty.resources.PooledConnectionProvider - [id: 0x6e7a501f, L:/127.0.0.1:49867 - R:localhost/127.0.0.1:8082] Releasing channel
20:29:04.833 [reactor-http-nio-11] DEBUG reactor.netty.resources.PooledConnectionProvider - [id: 0x6e7a501f, L:/127.0.0.1:49867 - R:localhost/127.0.0.1:8082] Channel cleaned, now 1 active connections and 1 inactive connections
20:29:04.834 [Test worker] DEBUG org.springframework.web.reactive.function.client.ExchangeFunctions - [7537f1db] HTTP GET http://localhost:8082/getAttractionRewardPoints?attractionId=355df6e3-a3c1-4fd2-8a84-d9689d323d4c&userId=1f958bd7-f7e7-4ce0-8ef3-1faefb01a470
20:29:04.835 [reactor-http-nio-11] DEBUG reactor.netty.resources.PooledConnectionProvider - [id: 0x6e7a501f, L:/127.0.0.1:49867 - R:localhost/127.0.0.1:8082] Channel acquired, now 2 active connections and 0 inactive connections
20:29:04.835 [reactor-http-nio-11] DEBUG reactor.netty.http.client.HttpClientConnect - [id: 0x6e7a501f, L:/127.0.0.1:49867 - R:localhost/127.0.0.1:8082] Handler is being applied: {uri=http://localhost:8082/getAttractionRewardPoints?attractionId=355df6e3-a3c1-4fd2-8a84-d9689d323d4c&userId=1f958bd7-f7e7-4ce0-8ef3-1faefb01a470, method=GET}
20:29:04.837 [reactor-http-nio-11] DEBUG reactor.netty.resources.PooledConnectionProvider - [id: 0x6e7a501f, L:/127.0.0.1:49867 - R:localhost/127.0.0.1:8082] onStateChange(GET{uri=/getAttractionRewardPoints?attractionId=355df6e3-a3c1-4fd2-8a84-d9689d323d4c&userId=1f958bd7-f7e7-4ce0-8ef3-1faefb01a470, connection=PooledConnection{channel=[id: 0x6e7a501f, L:/127.0.0.1:49867 - R:localhost/127.0.0.1:8082]}}, [request_sent])
20:29:05.140 [reactor-http-nio-11] DEBUG reactor.netty.http.client.HttpClientOperations - [id: 0x6e7a501f, L:/127.0.0.1:49867 - R:localhost/127.0.0.1:8082] Received response (auto-read:false) : [Content-Type=application/json, Transfer-Encoding=chunked, Date=Tue, 29 Jun 2021 14:59:05 GMT]
20:29:05.140 [reactor-http-nio-11] DEBUG reactor.netty.resources.PooledConnectionProvider - [id: 0x6e7a501f, L:/127.0.0.1:49867 - R:localhost/127.0.0.1:8082] onStateChange(GET{uri=/getAttractionRewardPoints?attractionId=355df6e3-a3c1-4fd2-8a84-d9689d323d4c&userId=1f958bd7-f7e7-4ce0-8ef3-1faefb01a470, connection=PooledConnection{channel=[id: 0x6e7a501f, L:/127.0.0.1:49867 - R:localhost/127.0.0.1:8082]}}, [response_received])
20:29:05.140 [reactor-http-nio-11] DEBUG org.springframework.web.reactive.function.client.ExchangeFunctions - [7537f1db] Response 200 OK
20:29:05.141 [reactor-http-nio-11] DEBUG reactor.netty.channel.FluxReceive - [id: 0x6e7a501f, L:/127.0.0.1:49867 - R:localhost/127.0.0.1:8082] Subscribing inbound receiver [pending: 0, cancelled:false, inboundDone: false]
20:29:05.142 [reactor-http-nio-11] DEBUG reactor.netty.http.client.HttpClientOperations - [id: 0x6e7a501f, L:/127.0.0.1:49867 - R:localhost/127.0.0.1:8082] Received last HTTP packet
20:29:05.142 [reactor-http-nio-11] DEBUG org.springframework.core.codec.StringDecoder - [7537f1db] Decoded "855"
20:29:05.142 [reactor-http-nio-11] DEBUG reactor.netty.resources.PooledConnectionProvider - [id: 0x6e7a501f, L:/127.0.0.1:49867 - R:localhost/127.0.0.1:8082] onStateChange(GET{uri=/getAttractionRewardPoints?attractionId=355df6e3-a3c1-4fd2-8a84-d9689d323d4c&userId=1f958bd7-f7e7-4ce0-8ef3-1faefb01a470, connection=PooledConnection{channel=[id: 0x6e7a501f, L:/127.0.0.1:49867 - R:localhost/127.0.0.1:8082]}}, [disconnecting])
20:29:05.142 [reactor-http-nio-11] DEBUG reactor.netty.resources.PooledConnectionProvider - [id: 0x6e7a501f, L:/127.0.0.1:49867 - R:localhost/127.0.0.1:8082] Releasing channel
20:29:05.142 [reactor-http-nio-11] DEBUG reactor.netty.resources.PooledConnectionProvider - [id: 0x6e7a501f, L:/127.0.0.1:49867 - R:localhost/127.0.0.1:8082] Channel cleaned, now 1 active connections and 1 inactive connections
20:29:05.144 [Test worker] DEBUG org.springframework.web.reactive.function.client.ExchangeFunctions - [41d8b380] HTTP GET http://localhost:8082/getAttractionRewardPoints?attractionId=11855c85-5131-4325-89b9-fff172bdf266&userId=1f958bd7-f7e7-4ce0-8ef3-1faefb01a470
20:29:05.145 [reactor-http-nio-11] DEBUG reactor.netty.resources.PooledConnectionProvider - [id: 0x6e7a501f, L:/127.0.0.1:49867 - R:localhost/127.0.0.1:8082] Channel acquired, now 2 active connections and 0 inactive connections
20:29:05.145 [reactor-http-nio-11] DEBUG reactor.netty.http.client.HttpClientConnect - [id: 0x6e7a501f, L:/127.0.0.1:49867 - R:localhost/127.0.0.1:8082] Handler is being applied: {uri=http://localhost:8082/getAttractionRewardPoints?attractionId=11855c85-5131-4325-89b9-fff172bdf266&userId=1f958bd7-f7e7-4ce0-8ef3-1faefb01a470, method=GET}
20:29:05.146 [reactor-http-nio-11] DEBUG reactor.netty.resources.PooledConnectionProvider - [id: 0x6e7a501f, L:/127.0.0.1:49867 - R:localhost/127.0.0.1:8082] onStateChange(GET{uri=/getAttractionRewardPoints?attractionId=11855c85-5131-4325-89b9-fff172bdf266&userId=1f958bd7-f7e7-4ce0-8ef3-1faefb01a470, connection=PooledConnection{channel=[id: 0x6e7a501f, L:/127.0.0.1:49867 - R:localhost/127.0.0.1:8082]}}, [request_sent])
20:29:05.649 [reactor-http-nio-11] DEBUG reactor.netty.http.client.HttpClientOperations - [id: 0xad770be0, L:/127.0.0.1:49869 - R:localhost/127.0.0.1:8082] Received response (auto-read:false) : [Content-Type=application/json, Transfer-Encoding=chunked, Date=Tue, 29 Jun 2021 14:59:05 GMT]
20:29:05.650 [reactor-http-nio-11] DEBUG reactor.netty.resources.PooledConnectionProvider - [id: 0xad770be0, L:/127.0.0.1:49869 - R:localhost/127.0.0.1:8082] onStateChange(GET{uri=/getAttractionRewardPoints?attractionId=45a76d76-d290-44b1-89a1-2894afc34f09&userId=1f958bd7-f7e7-4ce0-8ef3-1faefb01a470, connection=PooledConnection{channel=[id: 0xad770be0, L:/127.0.0.1:49869 - R:localhost/127.0.0.1:8082]}}, [response_received])
20:29:05.650 [reactor-http-nio-11] DEBUG org.springframework.web.reactive.function.client.ExchangeFunctions - [7e208233] Response 200 OK
20:29:05.651 [reactor-http-nio-11] DEBUG reactor.netty.channel.FluxReceive - [id: 0xad770be0, L:/127.0.0.1:49869 - R:localhost/127.0.0.1:8082] Subscribing inbound receiver [pending: 0, cancelled:false, inboundDone: false]
20:29:05.651 [reactor-http-nio-11] DEBUG reactor.netty.http.client.HttpClientOperations - [id: 0xad770be0, L:/127.0.0.1:49869 - R:localhost/127.0.0.1:8082] Received last HTTP packet
20:29:05.652 [reactor-http-nio-11] DEBUG org.springframework.core.codec.StringDecoder - [7e208233] Decoded "746"
20:29:05.652 [reactor-http-nio-11] DEBUG reactor.netty.resources.PooledConnectionProvider - [id: 0xad770be0, L:/127.0.0.1:49869 - R:localhost/127.0.0.1:8082] onStateChange(GET{uri=/getAttractionRewardPoints?attractionId=45a76d76-d290-44b1-89a1-2894afc34f09&userId=1f958bd7-f7e7-4ce0-8ef3-1faefb01a470, connection=PooledConnection{channel=[id: 0xad770be0, L:/127.0.0.1:49869 - R:localhost/127.0.0.1:8082]}}, [disconnecting])
20:29:05.652 [reactor-http-nio-11] DEBUG reactor.netty.resources.PooledConnectionProvider - [id: 0xad770be0, L:/127.0.0.1:49869 - R:localhost/127.0.0.1:8082] Releasing channel
20:29:05.652 [reactor-http-nio-11] DEBUG reactor.netty.resources.PooledConnectionProvider - [id: 0xad770be0, L:/127.0.0.1:49869 - R:localhost/127.0.0.1:8082] Channel cleaned, now 1 active connections and 1 inactive connections
20:29:05.653 [pool-10-thread-1] DEBUG org.springframework.web.reactive.function.client.ExchangeFunctions - [67e56138] HTTP GET http://localhost:8082/getAttractionRewardPoints?attractionId=95b6a376-b998-48c6-833f-81167af6c66d&userId=1f958bd7-f7e7-4ce0-8ef3-1faefb01a470
20:29:05.654 [reactor-http-nio-11] DEBUG reactor.netty.resources.PooledConnectionProvider - [id: 0xad770be0, L:/127.0.0.1:49869 - R:localhost/127.0.0.1:8082] Channel acquired, now 2 active connections and 0 inactive connections
20:29:05.654 [reactor-http-nio-11] DEBUG reactor.netty.http.client.HttpClientConnect - [id: 0xad770be0, L:/127.0.0.1:49869 - R:localhost/127.0.0.1:8082] Handler is being applied: {uri=http://localhost:8082/getAttractionRewardPoints?attractionId=95b6a376-b998-48c6-833f-81167af6c66d&userId=1f958bd7-f7e7-4ce0-8ef3-1faefb01a470, method=GET}
20:29:05.655 [reactor-http-nio-11] DEBUG reactor.netty.resources.PooledConnectionProvider - [id: 0xad770be0, L:/127.0.0.1:49869 - R:localhost/127.0.0.1:8082] onStateChange(GET{uri=/getAttractionRewardPoints?attractionId=95b6a376-b998-48c6-833f-81167af6c66d&userId=1f958bd7-f7e7-4ce0-8ef3-1faefb01a470, connection=PooledConnection{channel=[id: 0xad770be0, L:/127.0.0.1:49869 - R:localhost/127.0.0.1:8082]}}, [request_sent])
20:29:05.764 [reactor-http-nio-11] DEBUG reactor.netty.http.client.HttpClientOperations - [id: 0x6e7a501f, L:/127.0.0.1:49867 - R:localhost/127.0.0.1:8082] Received response (auto-read:false) : [Content-Type=application/json, Transfer-Encoding=chunked, Date=Tue, 29 Jun 2021 14:59:05 GMT]
20:29:05.764 [reactor-http-nio-11] DEBUG reactor.netty.resources.PooledConnectionProvider - [id: 0x6e7a501f, L:/127.0.0.1:49867 - R:localhost/127.0.0.1:8082] onStateChange(GET{uri=/getAttractionRewardPoints?attractionId=11855c85-5131-4325-89b9-fff172bdf266&userId=1f958bd7-f7e7-4ce0-8ef3-1faefb01a470, connection=PooledConnection{channel=[id: 0x6e7a501f, L:/127.0.0.1:49867 - R:localhost/127.0.0.1:8082]}}, [response_received])
20:29:05.764 [reactor-http-nio-11] DEBUG org.springframework.web.reactive.function.client.ExchangeFunctions - [41d8b380] Response 200 OK
20:29:05.765 [reactor-http-nio-11] DEBUG reactor.netty.channel.FluxReceive - [id: 0x6e7a501f, L:/127.0.0.1:49867 - R:localhost/127.0.0.1:8082] Subscribing inbound receiver [pending: 0, cancelled:false, inboundDone: false]
20:29:05.765 [reactor-http-nio-11] DEBUG reactor.netty.http.client.HttpClientOperations - [id: 0x6e7a501f, L:/127.0.0.1:49867 - R:localhost/127.0.0.1:8082] Received last HTTP packet
20:29:05.766 [reactor-http-nio-11] DEBUG org.springframework.core.codec.StringDecoder - [41d8b380] Decoded "40"
20:29:05.766 [reactor-http-nio-11] DEBUG reactor.netty.resources.PooledConnectionProvider - [id: 0x6e7a501f, L:/127.0.0.1:49867 - R:localhost/127.0.0.1:8082] onStateChange(GET{uri=/getAttractionRewardPoints?attractionId=11855c85-5131-4325-89b9-fff172bdf266&userId=1f958bd7-f7e7-4ce0-8ef3-1faefb01a470, connection=PooledConnection{channel=[id: 0x6e7a501f, L:/127.0.0.1:49867 - R:localhost/127.0.0.1:8082]}}, [disconnecting])
20:29:05.766 [reactor-http-nio-11] DEBUG reactor.netty.resources.PooledConnectionProvider - [id: 0x6e7a501f, L:/127.0.0.1:49867 - R:localhost/127.0.0.1:8082] Releasing channel
20:29:05.766 [reactor-http-nio-11] DEBUG reactor.netty.resources.PooledConnectionProvider - [id: 0x6e7a501f, L:/127.0.0.1:49867 - R:localhost/127.0.0.1:8082] Channel cleaned, now 1 active connections and 1 inactive connections
20:29:05.767 [Test worker] DEBUG org.springframework.web.reactive.function.client.ExchangeFunctions - [4cf07111] HTTP GET http://localhost:8082/getAttractionRewardPoints?attractionId=8e1d9891-1247-4178-95ab-70ea1c03d0f0&userId=1f958bd7-f7e7-4ce0-8ef3-1faefb01a470
20:29:05.768 [reactor-http-nio-11] DEBUG reactor.netty.resources.PooledConnectionProvider - [id: 0x6e7a501f, L:/127.0.0.1:49867 - R:localhost/127.0.0.1:8082] Channel acquired, now 2 active connections and 0 inactive connections
20:29:05.768 [reactor-http-nio-11] DEBUG reactor.netty.http.client.HttpClientConnect - [id: 0x6e7a501f, L:/127.0.0.1:49867 - R:localhost/127.0.0.1:8082] Handler is being applied: {uri=http://localhost:8082/getAttractionRewardPoints?attractionId=8e1d9891-1247-4178-95ab-70ea1c03d0f0&userId=1f958bd7-f7e7-4ce0-8ef3-1faefb01a470, method=GET}
20:29:05.770 [reactor-http-nio-11] DEBUG reactor.netty.resources.PooledConnectionProvider - [id: 0x6e7a501f, L:/127.0.0.1:49867 - R:localhost/127.0.0.1:8082] onStateChange(GET{uri=/getAttractionRewardPoints?attractionId=8e1d9891-1247-4178-95ab-70ea1c03d0f0&userId=1f958bd7-f7e7-4ce0-8ef3-1faefb01a470, connection=PooledConnection{channel=[id: 0x6e7a501f, L:/127.0.0.1:49867 - R:localhost/127.0.0.1:8082]}}, [request_sent])
20:29:06.420 [reactor-http-nio-11] DEBUG reactor.netty.http.client.HttpClientOperations - [id: 0x6e7a501f, L:/127.0.0.1:49867 - R:localhost/127.0.0.1:8082] Received response (auto-read:false) : [Content-Type=application/json, Transfer-Encoding=chunked, Date=Tue, 29 Jun 2021 14:59:06 GMT]
20:29:06.420 [reactor-http-nio-11] DEBUG reactor.netty.resources.PooledConnectionProvider - [id: 0x6e7a501f, L:/127.0.0.1:49867 - R:localhost/127.0.0.1:8082] onStateChange(GET{uri=/getAttractionRewardPoints?attractionId=8e1d9891-1247-4178-95ab-70ea1c03d0f0&userId=1f958bd7-f7e7-4ce0-8ef3-1faefb01a470, connection=PooledConnection{channel=[id: 0x6e7a501f, L:/127.0.0.1:49867 - R:localhost/127.0.0.1:8082]}}, [response_received])
20:29:06.421 [reactor-http-nio-11] DEBUG org.springframework.web.reactive.function.client.ExchangeFunctions - [4cf07111] Response 200 OK
20:29:06.421 [reactor-http-nio-11] DEBUG reactor.netty.channel.FluxReceive - [id: 0x6e7a501f, L:/127.0.0.1:49867 - R:localhost/127.0.0.1:8082] Subscribing inbound receiver [pending: 0, cancelled:false, inboundDone: false]
20:29:06.422 [reactor-http-nio-11] DEBUG reactor.netty.http.client.HttpClientOperations - [id: 0x6e7a501f, L:/127.0.0.1:49867 - R:localhost/127.0.0.1:8082] Received last HTTP packet
20:29:06.422 [reactor-http-nio-11] DEBUG org.springframework.core.codec.StringDecoder - [4cf07111] Decoded "740"
20:29:06.422 [reactor-http-nio-11] DEBUG reactor.netty.resources.PooledConnectionProvider - [id: 0x6e7a501f, L:/127.0.0.1:49867 - R:localhost/127.0.0.1:8082] onStateChange(GET{uri=/getAttractionRewardPoints?attractionId=8e1d9891-1247-4178-95ab-70ea1c03d0f0&userId=1f958bd7-f7e7-4ce0-8ef3-1faefb01a470, connection=PooledConnection{channel=[id: 0x6e7a501f, L:/127.0.0.1:49867 - R:localhost/127.0.0.1:8082]}}, [disconnecting])
20:29:06.423 [reactor-http-nio-11] DEBUG reactor.netty.resources.PooledConnectionProvider - [id: 0x6e7a501f, L:/127.0.0.1:49867 - R:localhost/127.0.0.1:8082] Releasing channel
20:29:06.423 [reactor-http-nio-11] DEBUG reactor.netty.resources.PooledConnectionProvider - [id: 0x6e7a501f, L:/127.0.0.1:49867 - R:localhost/127.0.0.1:8082] Channel cleaned, now 1 active connections and 1 inactive connections
20:29:06.424 [Test worker] DEBUG org.springframework.web.reactive.function.client.ExchangeFunctions - [4ae094cb] HTTP GET http://localhost:8082/getAttractionRewardPoints?attractionId=30bbe604-d038-4b10-b05a-74ba4bb41d86&userId=1f958bd7-f7e7-4ce0-8ef3-1faefb01a470
20:29:06.425 [reactor-http-nio-11] DEBUG reactor.netty.resources.PooledConnectionProvider - [id: 0x6e7a501f, L:/127.0.0.1:49867 - R:localhost/127.0.0.1:8082] Channel acquired, now 2 active connections and 0 inactive connections
20:29:06.425 [reactor-http-nio-11] DEBUG reactor.netty.http.client.HttpClientConnect - [id: 0x6e7a501f, L:/127.0.0.1:49867 - R:localhost/127.0.0.1:8082] Handler is being applied: {uri=http://localhost:8082/getAttractionRewardPoints?attractionId=30bbe604-d038-4b10-b05a-74ba4bb41d86&userId=1f958bd7-f7e7-4ce0-8ef3-1faefb01a470, method=GET}
20:29:06.426 [reactor-http-nio-11] DEBUG reactor.netty.resources.PooledConnectionProvider - [id: 0x6e7a501f, L:/127.0.0.1:49867 - R:localhost/127.0.0.1:8082] onStateChange(GET{uri=/getAttractionRewardPoints?attractionId=30bbe604-d038-4b10-b05a-74ba4bb41d86&userId=1f958bd7-f7e7-4ce0-8ef3-1faefb01a470, connection=PooledConnection{channel=[id: 0x6e7a501f, L:/127.0.0.1:49867 - R:localhost/127.0.0.1:8082]}}, [request_sent])
20:29:06.446 [reactor-http-nio-11] DEBUG reactor.netty.http.client.HttpClientOperations - [id: 0xad770be0, L:/127.0.0.1:49869 - R:localhost/127.0.0.1:8082] Received response (auto-read:false) : [Content-Type=application/json, Transfer-Encoding=chunked, Date=Tue, 29 Jun 2021 14:59:06 GMT]
20:29:06.446 [reactor-http-nio-11] DEBUG reactor.netty.resources.PooledConnectionProvider - [id: 0xad770be0, L:/127.0.0.1:49869 - R:localhost/127.0.0.1:8082] onStateChange(GET{uri=/getAttractionRewardPoints?attractionId=95b6a376-b998-48c6-833f-81167af6c66d&userId=1f958bd7-f7e7-4ce0-8ef3-1faefb01a470, connection=PooledConnection{channel=[id: 0xad770be0, L:/127.0.0.1:49869 - R:localhost/127.0.0.1:8082]}}, [response_received])
20:29:06.446 [reactor-http-nio-11] DEBUG org.springframework.web.reactive.function.client.ExchangeFunctions - [67e56138] Response 200 OK
20:29:06.447 [reactor-http-nio-11] DEBUG reactor.netty.channel.FluxReceive - [id: 0xad770be0, L:/127.0.0.1:49869 - R:localhost/127.0.0.1:8082] Subscribing inbound receiver [pending: 0, cancelled:false, inboundDone: false]
20:29:06.447 [reactor-http-nio-11] DEBUG reactor.netty.http.client.HttpClientOperations - [id: 0xad770be0, L:/127.0.0.1:49869 - R:localhost/127.0.0.1:8082] Received last HTTP packet
20:29:06.448 [reactor-http-nio-11] DEBUG org.springframework.core.codec.StringDecoder - [67e56138] Decoded "731"
20:29:06.448 [reactor-http-nio-11] DEBUG reactor.netty.resources.PooledConnectionProvider - [id: 0xad770be0, L:/127.0.0.1:49869 - R:localhost/127.0.0.1:8082] onStateChange(GET{uri=/getAttractionRewardPoints?attractionId=95b6a376-b998-48c6-833f-81167af6c66d&userId=1f958bd7-f7e7-4ce0-8ef3-1faefb01a470, connection=PooledConnection{channel=[id: 0xad770be0, L:/127.0.0.1:49869 - R:localhost/127.0.0.1:8082]}}, [disconnecting])
20:29:06.448 [reactor-http-nio-11] DEBUG reactor.netty.resources.PooledConnectionProvider - [id: 0xad770be0, L:/127.0.0.1:49869 - R:localhost/127.0.0.1:8082] Releasing channel
20:29:06.448 [reactor-http-nio-11] DEBUG reactor.netty.resources.PooledConnectionProvider - [id: 0xad770be0, L:/127.0.0.1:49869 - R:localhost/127.0.0.1:8082] Channel cleaned, now 1 active connections and 1 inactive connections
20:29:06.450 [pool-10-thread-1] DEBUG org.springframework.web.reactive.function.client.ExchangeFunctions - [14d59df3] HTTP GET http://localhost:8082/getAttractionRewardPoints?attractionId=e81ceeef-c562-4964-9920-3ec69f5c776c&userId=1f958bd7-f7e7-4ce0-8ef3-1faefb01a470
20:29:06.450 [reactor-http-nio-11] DEBUG reactor.netty.resources.PooledConnectionProvider - [id: 0xad770be0, L:/127.0.0.1:49869 - R:localhost/127.0.0.1:8082] Channel acquired, now 2 active connections and 0 inactive connections
20:29:06.450 [reactor-http-nio-11] DEBUG reactor.netty.http.client.HttpClientConnect - [id: 0xad770be0, L:/127.0.0.1:49869 - R:localhost/127.0.0.1:8082] Handler is being applied: {uri=http://localhost:8082/getAttractionRewardPoints?attractionId=e81ceeef-c562-4964-9920-3ec69f5c776c&userId=1f958bd7-f7e7-4ce0-8ef3-1faefb01a470, method=GET}
20:29:06.451 [reactor-http-nio-11] DEBUG reactor.netty.resources.PooledConnectionProvider - [id: 0xad770be0, L:/127.0.0.1:49869 - R:localhost/127.0.0.1:8082] onStateChange(GET{uri=/getAttractionRewardPoints?attractionId=e81ceeef-c562-4964-9920-3ec69f5c776c&userId=1f958bd7-f7e7-4ce0-8ef3-1faefb01a470, connection=PooledConnection{channel=[id: 0xad770be0, L:/127.0.0.1:49869 - R:localhost/127.0.0.1:8082]}}, [request_sent])
20:29:06.601 [reactor-http-nio-11] DEBUG reactor.netty.http.client.HttpClientOperations - [id: 0xad770be0, L:/127.0.0.1:49869 - R:localhost/127.0.0.1:8082] Received response (auto-read:false) : [Content-Type=application/json, Transfer-Encoding=chunked, Date=Tue, 29 Jun 2021 14:59:06 GMT]
20:29:06.602 [reactor-http-nio-11] DEBUG reactor.netty.resources.PooledConnectionProvider - [id: 0xad770be0, L:/127.0.0.1:49869 - R:localhost/127.0.0.1:8082] onStateChange(GET{uri=/getAttractionRewardPoints?attractionId=e81ceeef-c562-4964-9920-3ec69f5c776c&userId=1f958bd7-f7e7-4ce0-8ef3-1faefb01a470, connection=PooledConnection{channel=[id: 0xad770be0, L:/127.0.0.1:49869 - R:localhost/127.0.0.1:8082]}}, [response_received])
20:29:06.602 [reactor-http-nio-11] DEBUG org.springframework.web.reactive.function.client.ExchangeFunctions - [14d59df3] Response 200 OK
20:29:06.603 [reactor-http-nio-11] DEBUG reactor.netty.channel.FluxReceive - [id: 0xad770be0, L:/127.0.0.1:49869 - R:localhost/127.0.0.1:8082] Subscribing inbound receiver [pending: 0, cancelled:false, inboundDone: false]
20:29:06.603 [reactor-http-nio-11] DEBUG reactor.netty.http.client.HttpClientOperations - [id: 0xad770be0, L:/127.0.0.1:49869 - R:localhost/127.0.0.1:8082] Received last HTTP packet
20:29:06.604 [reactor-http-nio-11] DEBUG org.springframework.core.codec.StringDecoder - [14d59df3] Decoded "583"
20:29:06.604 [reactor-http-nio-11] DEBUG reactor.netty.resources.PooledConnectionProvider - [id: 0xad770be0, L:/127.0.0.1:49869 - R:localhost/127.0.0.1:8082] onStateChange(GET{uri=/getAttractionRewardPoints?attractionId=e81ceeef-c562-4964-9920-3ec69f5c776c&userId=1f958bd7-f7e7-4ce0-8ef3-1faefb01a470, connection=PooledConnection{channel=[id: 0xad770be0, L:/127.0.0.1:49869 - R:localhost/127.0.0.1:8082]}}, [disconnecting])
20:29:06.604 [reactor-http-nio-11] DEBUG reactor.netty.resources.PooledConnectionProvider - [id: 0xad770be0, L:/127.0.0.1:49869 - R:localhost/127.0.0.1:8082] Releasing channel
20:29:06.604 [reactor-http-nio-11] DEBUG reactor.netty.resources.PooledConnectionProvider - [id: 0xad770be0, L:/127.0.0.1:49869 - R:localhost/127.0.0.1:8082] Channel cleaned, now 1 active connections and 1 inactive connections
20:29:06.605 [pool-10-thread-1] DEBUG org.springframework.web.reactive.function.client.ExchangeFunctions - [25a387] HTTP GET http://localhost:8082/getAttractionRewardPoints?attractionId=1d36dbf9-8c05-4b1a-a88d-58631aea46e8&userId=1f958bd7-f7e7-4ce0-8ef3-1faefb01a470
20:29:06.606 [reactor-http-nio-11] DEBUG reactor.netty.resources.PooledConnectionProvider - [id: 0xad770be0, L:/127.0.0.1:49869 - R:localhost/127.0.0.1:8082] Channel acquired, now 2 active connections and 0 inactive connections
20:29:06.606 [reactor-http-nio-11] DEBUG reactor.netty.http.client.HttpClientConnect - [id: 0xad770be0, L:/127.0.0.1:49869 - R:localhost/127.0.0.1:8082] Handler is being applied: {uri=http://localhost:8082/getAttractionRewardPoints?attractionId=1d36dbf9-8c05-4b1a-a88d-58631aea46e8&userId=1f958bd7-f7e7-4ce0-8ef3-1faefb01a470, method=GET}
20:29:06.607 [reactor-http-nio-11] DEBUG reactor.netty.resources.PooledConnectionProvider - [id: 0xad770be0, L:/127.0.0.1:49869 - R:localhost/127.0.0.1:8082] onStateChange(GET{uri=/getAttractionRewardPoints?attractionId=1d36dbf9-8c05-4b1a-a88d-58631aea46e8&userId=1f958bd7-f7e7-4ce0-8ef3-1faefb01a470, connection=PooledConnection{channel=[id: 0xad770be0, L:/127.0.0.1:49869 - R:localhost/127.0.0.1:8082]}}, [request_sent])
20:29:06.783 [reactor-http-nio-11] DEBUG reactor.netty.http.client.HttpClientOperations - [id: 0x6e7a501f, L:/127.0.0.1:49867 - R:localhost/127.0.0.1:8082] Received response (auto-read:false) : [Content-Type=application/json, Transfer-Encoding=chunked, Date=Tue, 29 Jun 2021 14:59:06 GMT]
20:29:06.783 [reactor-http-nio-11] DEBUG reactor.netty.resources.PooledConnectionProvider - [id: 0x6e7a501f, L:/127.0.0.1:49867 - R:localhost/127.0.0.1:8082] onStateChange(GET{uri=/getAttractionRewardPoints?attractionId=30bbe604-d038-4b10-b05a-74ba4bb41d86&userId=1f958bd7-f7e7-4ce0-8ef3-1faefb01a470, connection=PooledConnection{channel=[id: 0x6e7a501f, L:/127.0.0.1:49867 - R:localhost/127.0.0.1:8082]}}, [response_received])
20:29:06.783 [reactor-http-nio-11] DEBUG org.springframework.web.reactive.function.client.ExchangeFunctions - [4ae094cb] Response 200 OK
20:29:06.784 [reactor-http-nio-11] DEBUG reactor.netty.channel.FluxReceive - [id: 0x6e7a501f, L:/127.0.0.1:49867 - R:localhost/127.0.0.1:8082] Subscribing inbound receiver [pending: 0, cancelled:false, inboundDone: false]
20:29:06.785 [reactor-http-nio-11] DEBUG reactor.netty.http.client.HttpClientOperations - [id: 0x6e7a501f, L:/127.0.0.1:49867 - R:localhost/127.0.0.1:8082] Received last HTTP packet
20:29:06.785 [reactor-http-nio-11] DEBUG org.springframework.core.codec.StringDecoder - [4ae094cb] Decoded "318"
20:29:06.785 [reactor-http-nio-11] DEBUG reactor.netty.resources.PooledConnectionProvider - [id: 0x6e7a501f, L:/127.0.0.1:49867 - R:localhost/127.0.0.1:8082] onStateChange(GET{uri=/getAttractionRewardPoints?attractionId=30bbe604-d038-4b10-b05a-74ba4bb41d86&userId=1f958bd7-f7e7-4ce0-8ef3-1faefb01a470, connection=PooledConnection{channel=[id: 0x6e7a501f, L:/127.0.0.1:49867 - R:localhost/127.0.0.1:8082]}}, [disconnecting])
20:29:06.785 [reactor-http-nio-11] DEBUG reactor.netty.resources.PooledConnectionProvider - [id: 0x6e7a501f, L:/127.0.0.1:49867 - R:localhost/127.0.0.1:8082] Releasing channel
20:29:06.786 [reactor-http-nio-11] DEBUG reactor.netty.resources.PooledConnectionProvider - [id: 0x6e7a501f, L:/127.0.0.1:49867 - R:localhost/127.0.0.1:8082] Channel cleaned, now 1 active connections and 1 inactive connections
20:29:06.787 [Test worker] DEBUG org.springframework.web.reactive.function.client.ExchangeFunctions - [931d65] HTTP GET http://localhost:8082/getAttractionRewardPoints?attractionId=7247bb83-a41c-465c-acd2-4e3358479e90&userId=1f958bd7-f7e7-4ce0-8ef3-1faefb01a470
20:29:06.787 [reactor-http-nio-11] DEBUG reactor.netty.resources.PooledConnectionProvider - [id: 0x6e7a501f, L:/127.0.0.1:49867 - R:localhost/127.0.0.1:8082] Channel acquired, now 2 active connections and 0 inactive connections
20:29:06.787 [reactor-http-nio-11] DEBUG reactor.netty.http.client.HttpClientConnect - [id: 0x6e7a501f, L:/127.0.0.1:49867 - R:localhost/127.0.0.1:8082] Handler is being applied: {uri=http://localhost:8082/getAttractionRewardPoints?attractionId=7247bb83-a41c-465c-acd2-4e3358479e90&userId=1f958bd7-f7e7-4ce0-8ef3-1faefb01a470, method=GET}
20:29:06.788 [reactor-http-nio-11] DEBUG reactor.netty.resources.PooledConnectionProvider - [id: 0x6e7a501f, L:/127.0.0.1:49867 - R:localhost/127.0.0.1:8082] onStateChange(GET{uri=/getAttractionRewardPoints?attractionId=7247bb83-a41c-465c-acd2-4e3358479e90&userId=1f958bd7-f7e7-4ce0-8ef3-1faefb01a470, connection=PooledConnection{channel=[id: 0x6e7a501f, L:/127.0.0.1:49867 - R:localhost/127.0.0.1:8082]}}, [request_sent])
20:29:06.994 [reactor-http-nio-11] DEBUG reactor.netty.http.client.HttpClientOperations - [id: 0x6e7a501f, L:/127.0.0.1:49867 - R:localhost/127.0.0.1:8082] Received response (auto-read:false) : [Content-Type=application/json, Transfer-Encoding=chunked, Date=Tue, 29 Jun 2021 14:59:06 GMT]
20:29:06.994 [reactor-http-nio-11] DEBUG reactor.netty.resources.PooledConnectionProvider - [id: 0x6e7a501f, L:/127.0.0.1:49867 - R:localhost/127.0.0.1:8082] onStateChange(GET{uri=/getAttractionRewardPoints?attractionId=7247bb83-a41c-465c-acd2-4e3358479e90&userId=1f958bd7-f7e7-4ce0-8ef3-1faefb01a470, connection=PooledConnection{channel=[id: 0x6e7a501f, L:/127.0.0.1:49867 - R:localhost/127.0.0.1:8082]}}, [response_received])
20:29:06.994 [reactor-http-nio-11] DEBUG org.springframework.web.reactive.function.client.ExchangeFunctions - [931d65] Response 200 OK
20:29:06.995 [reactor-http-nio-11] DEBUG reactor.netty.channel.FluxReceive - [id: 0x6e7a501f, L:/127.0.0.1:49867 - R:localhost/127.0.0.1:8082] Subscribing inbound receiver [pending: 0, cancelled:false, inboundDone: false]
20:29:06.996 [reactor-http-nio-11] DEBUG reactor.netty.http.client.HttpClientOperations - [id: 0x6e7a501f, L:/127.0.0.1:49867 - R:localhost/127.0.0.1:8082] Received last HTTP packet
20:29:06.996 [reactor-http-nio-11] DEBUG org.springframework.core.codec.StringDecoder - [931d65] Decoded "114"
20:29:06.996 [reactor-http-nio-11] DEBUG reactor.netty.resources.PooledConnectionProvider - [id: 0x6e7a501f, L:/127.0.0.1:49867 - R:localhost/127.0.0.1:8082] onStateChange(GET{uri=/getAttractionRewardPoints?attractionId=7247bb83-a41c-465c-acd2-4e3358479e90&userId=1f958bd7-f7e7-4ce0-8ef3-1faefb01a470, connection=PooledConnection{channel=[id: 0x6e7a501f, L:/127.0.0.1:49867 - R:localhost/127.0.0.1:8082]}}, [disconnecting])
20:29:06.996 [reactor-http-nio-11] DEBUG reactor.netty.resources.PooledConnectionProvider - [id: 0x6e7a501f, L:/127.0.0.1:49867 - R:localhost/127.0.0.1:8082] Releasing channel
20:29:06.996 [reactor-http-nio-11] DEBUG reactor.netty.resources.PooledConnectionProvider - [id: 0x6e7a501f, L:/127.0.0.1:49867 - R:localhost/127.0.0.1:8082] Channel cleaned, now 1 active connections and 1 inactive connections
20:29:06.997 [Test worker] DEBUG org.springframework.web.reactive.function.client.ExchangeFunctions - [4d3ea44] HTTP GET http://localhost:8082/getAttractionRewardPoints?attractionId=69984732-997f-4135-9e84-6d3ae0ecb006&userId=1f958bd7-f7e7-4ce0-8ef3-1faefb01a470
20:29:06.998 [reactor-http-nio-11] DEBUG reactor.netty.resources.PooledConnectionProvider - [id: 0x6e7a501f, L:/127.0.0.1:49867 - R:localhost/127.0.0.1:8082] Channel acquired, now 2 active connections and 0 inactive connections
20:29:06.999 [reactor-http-nio-11] DEBUG reactor.netty.http.client.HttpClientConnect - [id: 0x6e7a501f, L:/127.0.0.1:49867 - R:localhost/127.0.0.1:8082] Handler is being applied: {uri=http://localhost:8082/getAttractionRewardPoints?attractionId=69984732-997f-4135-9e84-6d3ae0ecb006&userId=1f958bd7-f7e7-4ce0-8ef3-1faefb01a470, method=GET}
20:29:07.000 [reactor-http-nio-11] DEBUG reactor.netty.resources.PooledConnectionProvider - [id: 0x6e7a501f, L:/127.0.0.1:49867 - R:localhost/127.0.0.1:8082] onStateChange(GET{uri=/getAttractionRewardPoints?attractionId=69984732-997f-4135-9e84-6d3ae0ecb006&userId=1f958bd7-f7e7-4ce0-8ef3-1faefb01a470, connection=PooledConnection{channel=[id: 0x6e7a501f, L:/127.0.0.1:49867 - R:localhost/127.0.0.1:8082]}}, [request_sent])
20:29:07.164 [reactor-http-nio-11] DEBUG reactor.netty.http.client.HttpClientOperations - [id: 0xad770be0, L:/127.0.0.1:49869 - R:localhost/127.0.0.1:8082] Received response (auto-read:false) : [Content-Type=application/json, Transfer-Encoding=chunked, Date=Tue, 29 Jun 2021 14:59:06 GMT]
20:29:07.164 [reactor-http-nio-11] DEBUG reactor.netty.resources.PooledConnectionProvider - [id: 0xad770be0, L:/127.0.0.1:49869 - R:localhost/127.0.0.1:8082] onStateChange(GET{uri=/getAttractionRewardPoints?attractionId=1d36dbf9-8c05-4b1a-a88d-58631aea46e8&userId=1f958bd7-f7e7-4ce0-8ef3-1faefb01a470, connection=PooledConnection{channel=[id: 0xad770be0, L:/127.0.0.1:49869 - R:localhost/127.0.0.1:8082]}}, [response_received])
20:29:07.165 [reactor-http-nio-11] DEBUG org.springframework.web.reactive.function.client.ExchangeFunctions - [25a387] Response 200 OK
20:29:07.166 [reactor-http-nio-11] DEBUG reactor.netty.channel.FluxReceive - [id: 0xad770be0, L:/127.0.0.1:49869 - R:localhost/127.0.0.1:8082] Subscribing inbound receiver [pending: 0, cancelled:false, inboundDone: false]
20:29:07.166 [reactor-http-nio-11] DEBUG reactor.netty.http.client.HttpClientOperations - [id: 0xad770be0, L:/127.0.0.1:49869 - R:localhost/127.0.0.1:8082] Received last HTTP packet
20:29:07.167 [reactor-http-nio-11] DEBUG org.springframework.core.codec.StringDecoder - [25a387] Decoded "600"
20:29:07.167 [reactor-http-nio-11] DEBUG reactor.netty.resources.PooledConnectionProvider - [id: 0xad770be0, L:/127.0.0.1:49869 - R:localhost/127.0.0.1:8082] onStateChange(GET{uri=/getAttractionRewardPoints?attractionId=1d36dbf9-8c05-4b1a-a88d-58631aea46e8&userId=1f958bd7-f7e7-4ce0-8ef3-1faefb01a470, connection=PooledConnection{channel=[id: 0xad770be0, L:/127.0.0.1:49869 - R:localhost/127.0.0.1:8082]}}, [disconnecting])
20:29:07.167 [reactor-http-nio-11] DEBUG reactor.netty.resources.PooledConnectionProvider - [id: 0xad770be0, L:/127.0.0.1:49869 - R:localhost/127.0.0.1:8082] Releasing channel
20:29:07.167 [reactor-http-nio-11] DEBUG reactor.netty.resources.PooledConnectionProvider - [id: 0xad770be0, L:/127.0.0.1:49869 - R:localhost/127.0.0.1:8082] Channel cleaned, now 1 active connections and 1 inactive connections
20:29:07.168 [pool-10-thread-1] DEBUG org.springframework.web.reactive.function.client.ExchangeFunctions - [7a6e98aa] HTTP GET http://localhost:8082/getAttractionRewardPoints?attractionId=6c85ae6b-00d3-492b-9247-f66b98c1f6ff&userId=1f958bd7-f7e7-4ce0-8ef3-1faefb01a470
20:29:07.169 [reactor-http-nio-11] DEBUG reactor.netty.resources.PooledConnectionProvider - [id: 0xad770be0, L:/127.0.0.1:49869 - R:localhost/127.0.0.1:8082] Channel acquired, now 2 active connections and 0 inactive connections
20:29:07.169 [reactor-http-nio-11] DEBUG reactor.netty.http.client.HttpClientConnect - [id: 0xad770be0, L:/127.0.0.1:49869 - R:localhost/127.0.0.1:8082] Handler is being applied: {uri=http://localhost:8082/getAttractionRewardPoints?attractionId=6c85ae6b-00d3-492b-9247-f66b98c1f6ff&userId=1f958bd7-f7e7-4ce0-8ef3-1faefb01a470, method=GET}
20:29:07.171 [reactor-http-nio-11] DEBUG reactor.netty.resources.PooledConnectionProvider - [id: 0xad770be0, L:/127.0.0.1:49869 - R:localhost/127.0.0.1:8082] onStateChange(GET{uri=/getAttractionRewardPoints?attractionId=6c85ae6b-00d3-492b-9247-f66b98c1f6ff&userId=1f958bd7-f7e7-4ce0-8ef3-1faefb01a470, connection=PooledConnection{channel=[id: 0xad770be0, L:/127.0.0.1:49869 - R:localhost/127.0.0.1:8082]}}, [request_sent])
20:29:07.687 [reactor-http-nio-11] DEBUG reactor.netty.http.client.HttpClientOperations - [id: 0x6e7a501f, L:/127.0.0.1:49867 - R:localhost/127.0.0.1:8082] Received response (auto-read:false) : [Content-Type=application/json, Transfer-Encoding=chunked, Date=Tue, 29 Jun 2021 14:59:07 GMT]
20:29:07.687 [reactor-http-nio-11] DEBUG reactor.netty.resources.PooledConnectionProvider - [id: 0x6e7a501f, L:/127.0.0.1:49867 - R:localhost/127.0.0.1:8082] onStateChange(GET{uri=/getAttractionRewardPoints?attractionId=69984732-997f-4135-9e84-6d3ae0ecb006&userId=1f958bd7-f7e7-4ce0-8ef3-1faefb01a470, connection=PooledConnection{channel=[id: 0x6e7a501f, L:/127.0.0.1:49867 - R:localhost/127.0.0.1:8082]}}, [response_received])
20:29:07.688 [reactor-http-nio-11] DEBUG org.springframework.web.reactive.function.client.ExchangeFunctions - [4d3ea44] Response 200 OK
20:29:07.689 [reactor-http-nio-11] DEBUG reactor.netty.channel.FluxReceive - [id: 0x6e7a501f, L:/127.0.0.1:49867 - R:localhost/127.0.0.1:8082] Subscribing inbound receiver [pending: 0, cancelled:false, inboundDone: false]
20:29:07.690 [reactor-http-nio-11] DEBUG reactor.netty.http.client.HttpClientOperations - [id: 0x6e7a501f, L:/127.0.0.1:49867 - R:localhost/127.0.0.1:8082] Received last HTTP packet
20:29:07.690 [reactor-http-nio-11] DEBUG org.springframework.core.codec.StringDecoder - [4d3ea44] Decoded "385"
20:29:07.690 [reactor-http-nio-11] DEBUG reactor.netty.resources.PooledConnectionProvider - [id: 0x6e7a501f, L:/127.0.0.1:49867 - R:localhost/127.0.0.1:8082] onStateChange(GET{uri=/getAttractionRewardPoints?attractionId=69984732-997f-4135-9e84-6d3ae0ecb006&userId=1f958bd7-f7e7-4ce0-8ef3-1faefb01a470, connection=PooledConnection{channel=[id: 0x6e7a501f, L:/127.0.0.1:49867 - R:localhost/127.0.0.1:8082]}}, [disconnecting])
[...]
20:29:39.303 [reactor-http-nio-14] DEBUG reactor.netty.resources.PooledConnectionProvider - [id: 0xd648e0a7, L:/127.0.0.1:49871 - R:localhost/127.0.0.1:8082] onStateChange(GET{uri=/getAttractionRewardPoints?attractionId=0159ee0a-3006-4e11-ab98-251686ce035a&userId=1f958bd7-f7e7-4ce0-8ef3-1faefb01a470, connection=PooledConnection{channel=[id: 0xd648e0a7, L:/127.0.0.1:49871 - R:localhost/127.0.0.1:8082]}}, [request_sent])
20:29:39.333 [reactor-http-nio-14] DEBUG reactor.netty.http.client.HttpClientOperations - [id: 0xd648e0a7, L:/127.0.0.1:49871 - R:localhost/127.0.0.1:8082] Received response (auto-read:false) : [Content-Type=application/json, Transfer-Encoding=chunked, Date=Tue, 29 Jun 2021 14:59:38 GMT]
20:29:39.333 [reactor-http-nio-14] DEBUG reactor.netty.resources.PooledConnectionProvider - [id: 0xd648e0a7, L:/127.0.0.1:49871 - R:localhost/127.0.0.1:8082] onStateChange(GET{uri=/getAttractionRewardPoints?attractionId=0159ee0a-3006-4e11-ab98-251686ce035a&userId=1f958bd7-f7e7-4ce0-8ef3-1faefb01a470, connection=PooledConnection{channel=[id: 0xd648e0a7, L:/127.0.0.1:49871 - R:localhost/127.0.0.1:8082]}}, [response_received])
20:29:39.333 [reactor-http-nio-14] DEBUG org.springframework.web.reactive.function.client.ExchangeFunctions - [5eb92c85] Response 200 OK
20:29:39.334 [reactor-http-nio-14] DEBUG reactor.netty.channel.FluxReceive - [id: 0xd648e0a7, L:/127.0.0.1:49871 - R:localhost/127.0.0.1:8082] Subscribing inbound receiver [pending: 0, cancelled:false, inboundDone: false]
20:29:39.334 [reactor-http-nio-14] DEBUG reactor.netty.http.client.HttpClientOperations - [id: 0xd648e0a7, L:/127.0.0.1:49871 - R:localhost/127.0.0.1:8082] Received last HTTP packet
20:29:39.335 [reactor-http-nio-14] DEBUG org.springframework.core.codec.StringDecoder - [5eb92c85] Decoded "943"
20:29:39.335 [reactor-http-nio-14] DEBUG reactor.netty.resources.PooledConnectionProvider - [id: 0xd648e0a7, L:/127.0.0.1:49871 - R:localhost/127.0.0.1:8082] onStateChange(GET{uri=/getAttractionRewardPoints?attractionId=0159ee0a-3006-4e11-ab98-251686ce035a&userId=1f958bd7-f7e7-4ce0-8ef3-1faefb01a470, connection=PooledConnection{channel=[id: 0xd648e0a7, L:/127.0.0.1:49871 - R:localhost/127.0.0.1:8082]}}, [disconnecting])
20:29:39.335 [reactor-http-nio-14] DEBUG reactor.netty.resources.PooledConnectionProvider - [id: 0xd648e0a7, L:/127.0.0.1:49871 - R:localhost/127.0.0.1:8082] Releasing channel
20:29:39.335 [reactor-http-nio-14] DEBUG reactor.netty.resources.PooledConnectionProvider - [id: 0xd648e0a7, L:/127.0.0.1:49871 - R:localhost/127.0.0.1:8082] Channel cleaned, now 1 active connections and 1 inactive connections
20:29:39.335 [pool-10-thread-1] DEBUG org.springframework.web.reactive.function.client.ExchangeFunctions - [330bd616] Cancel signal (to close connection)
20:29:39.336 [Test worker] INFO tourGuide.service.TourGuideService - TestMode enabled
20:29:39.336 [Test worker] DEBUG tourGuide.service.TourGuideService - Initializing users
20:29:39.336 [Test worker] DEBUG tourGuide.service.TourGuideService - Created 0 internal test users.
20:29:39.336 [Test worker] DEBUG tourGuide.service.TourGuideService - Finished initializing users
20:29:39.337 [reactor-http-nio-11] DEBUG reactor.netty.resources.PooledConnectionProvider - [id: 0xad770be0, L:/127.0.0.1:49869 ! R:localhost/127.0.0.1:8082] Channel cleaned, now 0 active connections and 2 inactive connections
20:29:39.337 [reactor-http-nio-11] DEBUG reactor.netty.resources.PooledConnectionProvider - [id: 0xad770be0, L:/127.0.0.1:49869 ! R:localhost/127.0.0.1:8082] Channel closed, now 0 active connections and 1 inactive connections
20:29:39.337 [pool-11-thread-1] DEBUG tourGuide.tracker.Tracker - Begin Tracker. Tracking 0 users.
20:29:39.337 [pool-11-thread-1] DEBUG tourGuide.tracker.Tracker - Tracker Time Elapsed: 0 seconds.
20:29:39.337 [pool-11-thread-1] DEBUG tourGuide.tracker.Tracker - Tracker sleeping
20:29:39.338 [Test worker] DEBUG org.springframework.web.reactive.function.client.ExchangeFunctions - [340a804b] HTTP GET http://localhost:8081/getAttractions
20:29:39.339 [reactor-http-nio-15] DEBUG reactor.netty.resources.PooledConnectionProvider - [id: 0x3b57da73, L:/127.0.0.1:49868 - R:localhost/127.0.0.1:8081] Channel acquired, now 1 active connections and 1 inactive connections
20:29:39.339 [reactor-http-nio-15] DEBUG reactor.netty.http.client.HttpClientConnect - [id: 0x3b57da73, L:/127.0.0.1:49868 - R:localhost/127.0.0.1:8081] Handler is being applied: {uri=http://localhost:8081/getAttractions, method=GET}
20:29:39.340 [reactor-http-nio-15] DEBUG reactor.netty.resources.PooledConnectionProvider - [id: 0x3b57da73, L:/127.0.0.1:49868 - R:localhost/127.0.0.1:8081] onStateChange(GET{uri=/getAttractions, connection=PooledConnection{channel=[id: 0x3b57da73, L:/127.0.0.1:49868 - R:localhost/127.0.0.1:8081]}}, [request_sent])
20:29:39.358 [reactor-http-nio-15] DEBUG reactor.netty.http.client.HttpClientOperations - [id: 0x3b57da73, L:/127.0.0.1:49868 - R:localhost/127.0.0.1:8081] Received response (auto-read:false) : [Content-Type=application/json, Transfer-Encoding=chunked, Date=Tue, 29 Jun 2021 14:59:39 GMT]
20:29:39.359 [reactor-http-nio-15] DEBUG reactor.netty.resources.PooledConnectionProvider - [id: 0x3b57da73, L:/127.0.0.1:49868 - R:localhost/127.0.0.1:8081] onStateChange(GET{uri=/getAttractions, connection=PooledConnection{channel=[id: 0x3b57da73, L:/127.0.0.1:49868 - R:localhost/127.0.0.1:8081]}}, [response_received])
20:29:39.359 [reactor-http-nio-15] DEBUG org.springframework.web.reactive.function.client.ExchangeFunctions - [340a804b] Response 200 OK
20:29:39.359 [reactor-http-nio-15] DEBUG reactor.netty.channel.FluxReceive - [id: 0x3b57da73, L:/127.0.0.1:49868 - R:localhost/127.0.0.1:8081] Subscribing inbound receiver [pending: 0, cancelled:false, inboundDone: false]
20:29:39.360 [reactor-http-nio-15] DEBUG reactor.netty.http.client.HttpClientOperations - [id: 0x3b57da73, L:/127.0.0.1:49868 - R:localhost/127.0.0.1:8081] Received last HTTP packet
20:29:39.361 [reactor-http-nio-15] DEBUG org.springframework.core.codec.StringDecoder - [340a804b] Decoded "[{"longitude":-117.922008,"latitude":33.817595,"attractionName":"Disneyland","city":"Anaheim","stat (truncated)...
20:29:39.361 [reactor-http-nio-15] DEBUG reactor.netty.resources.PooledConnectionProvider - [id: 0x3b57da73, L:/127.0.0.1:49868 - R:localhost/127.0.0.1:8081] onStateChange(GET{uri=/getAttractions, connection=PooledConnection{channel=[id: 0x3b57da73, L:/127.0.0.1:49868 - R:localhost/127.0.0.1:8081]}}, [disconnecting])
20:29:39.361 [reactor-http-nio-15] DEBUG reactor.netty.resources.PooledConnectionProvider - [id: 0x3b57da73, L:/127.0.0.1:49868 - R:localhost/127.0.0.1:8081] Releasing channel
20:29:39.361 [reactor-http-nio-15] DEBUG reactor.netty.resources.PooledConnectionProvider - [id: 0x3b57da73, L:/127.0.0.1:49868 - R:localhost/127.0.0.1:8081] Channel cleaned, now 0 active connections and 2 inactive connections
20:29:39.364 [Test worker] DEBUG org.springframework.web.reactive.function.client.ExchangeFunctions - [23404f4b] HTTP GET http://localhost:8081/getUserLocation?userId=66474a15-ed08-41e7-b0f5-c2ea7f3e8fc9
20:29:39.365 [reactor-http-nio-15] DEBUG reactor.netty.resources.PooledConnectionProvider - [id: 0x05482a00, L:/127.0.0.1:49865 - R:localhost/127.0.0.1:8081] Channel acquired, now 1 active connections and 1 inactive connections
20:29:39.365 [reactor-http-nio-15] DEBUG reactor.netty.http.client.HttpClientConnect - [id: 0x05482a00, L:/127.0.0.1:49865 - R:localhost/127.0.0.1:8081] Handler is being applied: {uri=http://localhost:8081/getUserLocation?userId=66474a15-ed08-41e7-b0f5-c2ea7f3e8fc9, method=GET}
20:29:39.365 [reactor-http-nio-15] DEBUG reactor.netty.resources.PooledConnectionProvider - [id: 0x05482a00, L:/127.0.0.1:49865 - R:localhost/127.0.0.1:8081] onStateChange(GET{uri=/getUserLocation?userId=66474a15-ed08-41e7-b0f5-c2ea7f3e8fc9, connection=PooledConnection{channel=[id: 0x05482a00, L:/127.0.0.1:49865 - R:localhost/127.0.0.1:8081]}}, [request_sent])
20:29:39.401 [reactor-http-nio-15] DEBUG reactor.netty.http.client.HttpClientOperations - [id: 0x05482a00, L:/127.0.0.1:49865 - R:localhost/127.0.0.1:8081] Received response (auto-read:false) : [Content-Type=application/json, Transfer-Encoding=chunked, Date=Tue, 29 Jun 2021 14:59:39 GMT]
20:29:39.401 [reactor-http-nio-15] DEBUG reactor.netty.resources.PooledConnectionProvider - [id: 0x05482a00, L:/127.0.0.1:49865 - R:localhost/127.0.0.1:8081] onStateChange(GET{uri=/getUserLocation?userId=66474a15-ed08-41e7-b0f5-c2ea7f3e8fc9, connection=PooledConnection{channel=[id: 0x05482a00, L:/127.0.0.1:49865 - R:localhost/127.0.0.1:8081]}}, [response_received])
20:29:39.401 [reactor-http-nio-15] DEBUG org.springframework.web.reactive.function.client.ExchangeFunctions - [23404f4b] Response 200 OK
20:29:39.401 [reactor-http-nio-15] DEBUG reactor.netty.channel.FluxReceive - [id: 0x05482a00, L:/127.0.0.1:49865 - R:localhost/127.0.0.1:8081] Subscribing inbound receiver [pending: 0, cancelled:false, inboundDone: false]
20:29:39.401 [reactor-http-nio-15] DEBUG reactor.netty.http.client.HttpClientOperations - [id: 0x05482a00, L:/127.0.0.1:49865 - R:localhost/127.0.0.1:8081] Received last HTTP packet
20:29:39.401 [reactor-http-nio-15] DEBUG org.springframework.core.codec.StringDecoder - [23404f4b] Decoded "{"userId":"66474a15-ed08-41e7-b0f5-c2ea7f3e8fc9","location":{"longitude":-177.407236,"latitude":29. (truncated)...
20:29:39.402 [reactor-http-nio-15] DEBUG reactor.netty.resources.PooledConnectionProvider - [id: 0x05482a00, L:/127.0.0.1:49865 - R:localhost/127.0.0.1:8081] onStateChange(GET{uri=/getUserLocation?userId=66474a15-ed08-41e7-b0f5-c2ea7f3e8fc9, connection=PooledConnection{channel=[id: 0x05482a00, L:/127.0.0.1:49865 - R:localhost/127.0.0.1:8081]}}, [disconnecting])
20:29:39.402 [reactor-http-nio-15] DEBUG reactor.netty.resources.PooledConnectionProvider - [id: 0x05482a00, L:/127.0.0.1:49865 - R:localhost/127.0.0.1:8081] Releasing channel
20:29:39.402 [reactor-http-nio-15] DEBUG reactor.netty.resources.PooledConnectionProvider - [id: 0x05482a00, L:/127.0.0.1:49865 - R:localhost/127.0.0.1:8081] Channel cleaned, now 0 active connections and 2 inactive connections
20:29:39.403 [Test worker] DEBUG org.springframework.web.reactive.function.client.ExchangeFunctions - [71211bdc] HTTP GET http://localhost:8081/getAttractions
20:29:39.404 [reactor-http-nio-15] DEBUG reactor.netty.resources.PooledConnectionProvider - [id: 0x3b57da73, L:/127.0.0.1:49868 - R:localhost/127.0.0.1:8081] Channel acquired, now 1 active connections and 1 inactive connections
20:29:39.404 [reactor-http-nio-15] DEBUG reactor.netty.http.client.HttpClientConnect - [id: 0x3b57da73, L:/127.0.0.1:49868 - R:localhost/127.0.0.1:8081] Handler is being applied: {uri=http://localhost:8081/getAttractions, method=GET}
20:29:39.404 [reactor-http-nio-15] DEBUG reactor.netty.resources.PooledConnectionProvider - [id: 0x3b57da73, L:/127.0.0.1:49868 - R:localhost/127.0.0.1:8081] onStateChange(GET{uri=/getAttractions, connection=PooledConnection{channel=[id: 0x3b57da73, L:/127.0.0.1:49868 - R:localhost/127.0.0.1:8081]}}, [request_sent])
20:29:39.418 [reactor-http-nio-15] DEBUG reactor.netty.http.client.HttpClientOperations - [id: 0x3b57da73, L:/127.0.0.1:49868 - R:localhost/127.0.0.1:8081] Received response (auto-read:false) : [Content-Type=application/json, Transfer-Encoding=chunked, Date=Tue, 29 Jun 2021 14:59:39 GMT]
20:29:39.418 [reactor-http-nio-15] DEBUG reactor.netty.resources.PooledConnectionProvider - [id: 0x3b57da73, L:/127.0.0.1:49868 - R:localhost/127.0.0.1:8081] onStateChange(GET{uri=/getAttractions, connection=PooledConnection{channel=[id: 0x3b57da73, L:/127.0.0.1:49868 - R:localhost/127.0.0.1:8081]}}, [response_received])
20:29:39.418 [reactor-http-nio-15] DEBUG org.springframework.web.reactive.function.client.ExchangeFunctions - [71211bdc] Response 200 OK
20:29:39.419 [reactor-http-nio-15] DEBUG reactor.netty.channel.FluxReceive - [id: 0x3b57da73, L:/127.0.0.1:49868 - R:localhost/127.0.0.1:8081] Subscribing inbound receiver [pending: 0, cancelled:false, inboundDone: false]
20:29:39.419 [reactor-http-nio-15] DEBUG reactor.netty.http.client.HttpClientOperations - [id: 0x3b57da73, L:/127.0.0.1:49868 - R:localhost/127.0.0.1:8081] Received last HTTP packet
20:29:39.420 [reactor-http-nio-15] DEBUG org.springframework.core.codec.StringDecoder - [71211bdc] Decoded "[{"longitude":-117.922008,"latitude":33.817595,"attractionName":"Disneyland","city":"Anaheim","stat (truncated)...
20:29:39.420 [reactor-http-nio-15] DEBUG reactor.netty.resources.PooledConnectionProvider - [id: 0x3b57da73, L:/127.0.0.1:49868 - R:localhost/127.0.0.1:8081] onStateChange(GET{uri=/getAttractions, connection=PooledConnection{channel=[id: 0x3b57da73, L:/127.0.0.1:49868 - R:localhost/127.0.0.1:8081]}}, [disconnecting])
20:29:39.420 [reactor-http-nio-15] DEBUG reactor.netty.resources.PooledConnectionProvider - [id: 0x3b57da73, L:/127.0.0.1:49868 - R:localhost/127.0.0.1:8081] Releasing channel
20:29:39.420 [reactor-http-nio-15] DEBUG reactor.netty.resources.PooledConnectionProvider - [id: 0x3b57da73, L:/127.0.0.1:49868 - R:localhost/127.0.0.1:8081] Channel cleaned, now 0 active connections and 2 inactive connections
20:29:39.422 [Test worker] DEBUG org.springframework.web.reactive.function.client.ExchangeFunctions - [13fe8459] HTTP GET http://localhost:8082/getAttractionRewardPoints?attractionId=d8568978-a36f-45e2-9ba1-b5a1f387011c&userId=66474a15-ed08-41e7-b0f5-c2ea7f3e8fc9
20:29:39.422 [reactor-http-nio-14] DEBUG reactor.netty.resources.PooledConnectionProvider - [id: 0xd648e0a7, L:/127.0.0.1:49871 - R:localhost/127.0.0.1:8082] Channel acquired, now 1 active connections and 0 inactive connections
20:29:39.422 [reactor-http-nio-14] DEBUG reactor.netty.http.client.HttpClientConnect - [id: 0xd648e0a7, L:/127.0.0.1:49871 - R:localhost/127.0.0.1:8082] Handler is being applied: {uri=http://localhost:8082/getAttractionRewardPoints?attractionId=d8568978-a36f-45e2-9ba1-b5a1f387011c&userId=66474a15-ed08-41e7-b0f5-c2ea7f3e8fc9, method=GET}
20:29:39.423 [reactor-http-nio-14] DEBUG reactor.netty.resources.PooledConnectionProvider - [id: 0xd648e0a7, L:/127.0.0.1:49871 - R:localhost/127.0.0.1:8082] onStateChange(GET{uri=/getAttractionRewardPoints?attractionId=d8568978-a36f-45e2-9ba1-b5a1f387011c&userId=66474a15-ed08-41e7-b0f5-c2ea7f3e8fc9, connection=PooledConnection{channel=[id: 0xd648e0a7, L:/127.0.0.1:49871 - R:localhost/127.0.0.1:8082]}}, [request_sent])
20:29:39.841 [reactor-http-nio-14] DEBUG reactor.netty.http.client.HttpClientOperations - [id: 0xd648e0a7, L:/127.0.0.1:49871 - R:localhost/127.0.0.1:8082] Received response (auto-read:false) : [Content-Type=application/json, Transfer-Encoding=chunked, Date=Tue, 29 Jun 2021 14:59:39 GMT]
20:29:39.841 [reactor-http-nio-14] DEBUG reactor.netty.resources.PooledConnectionProvider - [id: 0xd648e0a7, L:/127.0.0.1:49871 - R:localhost/127.0.0.1:8082] onStateChange(GET{uri=/getAttractionRewardPoints?attractionId=d8568978-a36f-45e2-9ba1-b5a1f387011c&userId=66474a15-ed08-41e7-b0f5-c2ea7f3e8fc9, connection=PooledConnection{channel=[id: 0xd648e0a7, L:/127.0.0.1:49871 - R:localhost/127.0.0.1:8082]}}, [response_received])
20:29:39.841 [reactor-http-nio-14] DEBUG org.springframework.web.reactive.function.client.ExchangeFunctions - [13fe8459] Response 200 OK
20:29:39.842 [reactor-http-nio-14] DEBUG reactor.netty.channel.FluxReceive - [id: 0xd648e0a7, L:/127.0.0.1:49871 - R:localhost/127.0.0.1:8082] Subscribing inbound receiver [pending: 0, cancelled:false, inboundDone: false]
20:29:39.843 [reactor-http-nio-14] DEBUG reactor.netty.http.client.HttpClientOperations - [id: 0xd648e0a7, L:/127.0.0.1:49871 - R:localhost/127.0.0.1:8082] Received last HTTP packet
20:29:39.843 [reactor-http-nio-14] DEBUG org.springframework.core.codec.StringDecoder - [13fe8459] Decoded "893"
20:29:39.843 [reactor-http-nio-14] DEBUG reactor.netty.resources.PooledConnectionProvider - [id: 0xd648e0a7, L:/127.0.0.1:49871 - R:localhost/127.0.0.1:8082] onStateChange(GET{uri=/getAttractionRewardPoints?attractionId=d8568978-a36f-45e2-9ba1-b5a1f387011c&userId=66474a15-ed08-41e7-b0f5-c2ea7f3e8fc9, connection=PooledConnection{channel=[id: 0xd648e0a7, L:/127.0.0.1:49871 - R:localhost/127.0.0.1:8082]}}, [disconnecting])
20:29:39.843 [reactor-http-nio-14] DEBUG reactor.netty.resources.PooledConnectionProvider - [id: 0xd648e0a7, L:/127.0.0.1:49871 - R:localhost/127.0.0.1:8082] Releasing channel
20:29:39.843 [reactor-http-nio-14] DEBUG reactor.netty.resources.PooledConnectionProvider - [id: 0xd648e0a7, L:/127.0.0.1:49871 - R:localhost/127.0.0.1:8082] Channel cleaned, now 0 active connections and 1 inactive connections
20:29:39.846 [Test worker] DEBUG org.springframework.web.reactive.function.client.ExchangeFunctions - [731646b5] HTTP GET http://localhost:8081/getAttractions
20:29:39.846 [reactor-http-nio-15] DEBUG reactor.netty.resources.PooledConnectionProvider - [id: 0x05482a00, L:/127.0.0.1:49865 - R:localhost/127.0.0.1:8081] Channel acquired, now 1 active connections and 1 inactive connections
20:29:39.846 [reactor-http-nio-15] DEBUG reactor.netty.http.client.HttpClientConnect - [id: 0x05482a00, L:/127.0.0.1:49865 - R:localhost/127.0.0.1:8081] Handler is being applied: {uri=http://localhost:8081/getAttractions, method=GET}
20:29:39.847 [reactor-http-nio-15] DEBUG reactor.netty.resources.PooledConnectionProvider - [id: 0x05482a00, L:/127.0.0.1:49865 - R:localhost/127.0.0.1:8081] onStateChange(GET{uri=/getAttractions, connection=PooledConnection{channel=[id: 0x05482a00, L:/127.0.0.1:49865 - R:localhost/127.0.0.1:8081]}}, [request_sent])
20:29:39.863 [reactor-http-nio-15] DEBUG reactor.netty.http.client.HttpClientOperations - [id: 0x05482a00, L:/127.0.0.1:49865 - R:localhost/127.0.0.1:8081] Received response (auto-read:false) : [Content-Type=application/json, Transfer-Encoding=chunked, Date=Tue, 29 Jun 2021 14:59:39 GMT]
20:29:39.864 [reactor-http-nio-15] DEBUG reactor.netty.resources.PooledConnectionProvider - [id: 0x05482a00, L:/127.0.0.1:49865 - R:localhost/127.0.0.1:8081] onStateChange(GET{uri=/getAttractions, connection=PooledConnection{channel=[id: 0x05482a00, L:/127.0.0.1:49865 - R:localhost/127.0.0.1:8081]}}, [response_received])
20:29:39.864 [reactor-http-nio-15] DEBUG org.springframework.web.reactive.function.client.ExchangeFunctions - [731646b5] Response 200 OK
20:29:39.865 [reactor-http-nio-15] DEBUG reactor.netty.channel.FluxReceive - [id: 0x05482a00, L:/127.0.0.1:49865 - R:localhost/127.0.0.1:8081] Subscribing inbound receiver [pending: 0, cancelled:false, inboundDone: false]
20:29:39.866 [reactor-http-nio-15] DEBUG reactor.netty.http.client.HttpClientOperations - [id: 0x05482a00, L:/127.0.0.1:49865 - R:localhost/127.0.0.1:8081] Received last HTTP packet
20:29:39.866 [reactor-http-nio-15] DEBUG org.springframework.core.codec.StringDecoder - [731646b5] Decoded "[{"longitude":-117.922008,"latitude":33.817595,"attractionName":"Disneyland","city":"Anaheim","stat (truncated)...
20:29:39.866 [reactor-http-nio-15] DEBUG reactor.netty.resources.PooledConnectionProvider - [id: 0x05482a00, L:/127.0.0.1:49865 - R:localhost/127.0.0.1:8081] onStateChange(GET{uri=/getAttractions, connection=PooledConnection{channel=[id: 0x05482a00, L:/127.0.0.1:49865 - R:localhost/127.0.0.1:8081]}}, [disconnecting])
20:29:39.867 [reactor-http-nio-15] DEBUG reactor.netty.resources.PooledConnectionProvider - [id: 0x05482a00, L:/127.0.0.1:49865 - R:localhost/127.0.0.1:8081] Releasing channel
20:29:39.867 [reactor-http-nio-15] DEBUG reactor.netty.resources.PooledConnectionProvider - [id: 0x05482a00, L:/127.0.0.1:49865 - R:localhost/127.0.0.1:8081] Channel cleaned, now 0 active connections and 2 inactive connections
]]></system-out>
  <system-err><![CDATA[]]></system-err>
</testsuite>
